ARM GAS  C:\Users\ARNAUD~1\AppData\Local\Temp\cctaZKDT.s 			page 1


   1              		.cpu cortex-m4
   2              		.eabi_attribute 27, 1
   3              		.eabi_attribute 28, 1
   4              		.eabi_attribute 20, 1
   5              		.eabi_attribute 21, 1
   6              		.eabi_attribute 23, 3
   7              		.eabi_attribute 24, 1
   8              		.eabi_attribute 25, 1
   9              		.eabi_attribute 26, 1
  10              		.eabi_attribute 30, 2
  11              		.eabi_attribute 34, 1
  12              		.eabi_attribute 18, 4
  13              		.file	"signals_processing.c"
  14              		.text
  15              	.Ltext0:
  16              		.cfi_sections	.debug_frame
  17              		.section	.text.get_music_tempo,"ax",%progbits
  18              		.align	1
  19              		.p2align 4,,15
  20              		.global	get_music_tempo
  21              		.syntax unified
  22              		.thumb
  23              		.thumb_func
  24              		.fpu fpv4-sp-d16
  25              		.type	get_music_tempo, %function
  26              	get_music_tempo:
  27              	.LFB220:
  28              		.file 1 "signals_processing.c"
  29              		.loc 1 22 0
  30              		.cfi_startproc
  31              		@ args = 0, pretend = 0, frame = 8
  32              		@ frame_needed = 0, uses_anonymous_args = 0
  33 0000 00B5     		push	{lr}
  34              		.cfi_def_cfa_offset 4
  35              		.cfi_offset 14, -4
  36 0002 064B     		ldr	r3, .L6
  37 0004 83B0     		sub	sp, sp, #12
  38              		.cfi_def_cfa_offset 16
  39              		.loc 1 22 0
  40 0006 1A68     		ldr	r2, [r3]
  41 0008 0192     		str	r2, [sp, #4]
  42              		.loc 1 24 0
  43 000a 019A     		ldr	r2, [sp, #4]
  44 000c 1B68     		ldr	r3, [r3]
  45 000e 9A42     		cmp	r2, r3
  46 0010 02D1     		bne	.L5
  47 0012 03B0     		add	sp, sp, #12
  48              		.cfi_remember_state
  49              		.cfi_def_cfa_offset 4
  50              		@ sp needed
  51 0014 5DF804FB 		ldr	pc, [sp], #4
  52              	.L5:
  53              		.cfi_restore_state
  54 0018 FFF7FEFF 		bl	__stack_chk_fail
  55              	.LVL0:
  56              	.L7:
  57              		.align	2
ARM GAS  C:\Users\ARNAUD~1\AppData\Local\Temp\cctaZKDT.s 			page 2


  58              	.L6:
  59 001c 00000000 		.word	__stack_chk_guard
  60              		.cfi_endproc
  61              	.LFE220:
  62              		.size	get_music_tempo, .-get_music_tempo
  63              		.section	.text.get_music_pitch,"ax",%progbits
  64              		.align	1
  65              		.p2align 4,,15
  66              		.global	get_music_pitch
  67              		.syntax unified
  68              		.thumb
  69              		.thumb_func
  70              		.fpu fpv4-sp-d16
  71              		.type	get_music_pitch, %function
  72              	get_music_pitch:
  73              	.LFB223:
  74              		.cfi_startproc
  75              		@ args = 0, pretend = 0, frame = 8
  76              		@ frame_needed = 0, uses_anonymous_args = 0
  77 0000 00B5     		push	{lr}
  78              		.cfi_def_cfa_offset 4
  79              		.cfi_offset 14, -4
  80 0002 074B     		ldr	r3, .L12
  81 0004 83B0     		sub	sp, sp, #12
  82              		.cfi_def_cfa_offset 16
  83 0006 1A68     		ldr	r2, [r3]
  84 0008 0192     		str	r2, [sp, #4]
  85 000a 019A     		ldr	r2, [sp, #4]
  86 000c 1B68     		ldr	r3, [r3]
  87 000e 9A42     		cmp	r2, r3
  88 0010 03D1     		bne	.L11
  89 0012 0020     		movs	r0, #0
  90 0014 03B0     		add	sp, sp, #12
  91              		.cfi_remember_state
  92              		.cfi_def_cfa_offset 4
  93              		@ sp needed
  94 0016 5DF804FB 		ldr	pc, [sp], #4
  95              	.L11:
  96              		.cfi_restore_state
  97 001a FFF7FEFF 		bl	__stack_chk_fail
  98              	.L13:
  99 001e 00BF     		.align	2
 100              	.L12:
 101 0020 00000000 		.word	__stack_chk_guard
 102              		.cfi_endproc
 103              	.LFE223:
 104              		.size	get_music_pitch, .-get_music_pitch
 105              		.text
 106              	.Letext0:
 107              		.file 2 "c:\\users\\arnaud wist\\projet\\robotique_mondada\\eclipse_e-puck2\\tools\\gcc-arm-none-e
 108              		.file 3 "c:\\users\\arnaud wist\\projet\\robotique_mondada\\eclipse_e-puck2\\tools\\gcc-arm-none-e
 109              		.file 4 "../../lib/e-puck2_main-processor/ChibiOS//os/rt/ports/ARMCMx/compilers/GCC/chtypes.h"
 110              		.file 5 "../../lib/e-puck2_main-processor/ChibiOS//os/rt/include/chsystypes.h"
 111              		.file 6 "../../lib/e-puck2_main-processor/ChibiOS//os/rt/include/chschd.h"
 112              		.file 7 "../../lib/e-puck2_main-processor/ChibiOS//os/ext/CMSIS/include/core_cm4.h"
 113              		.file 8 "../../lib/e-puck2_main-processor/ChibiOS//os/ext/CMSIS/ST/system_stm32f4xx.h"
 114              		.file 9 "../../lib/e-puck2_main-processor/ChibiOS//os/rt/ports/ARMCMx/chcore.h"
ARM GAS  C:\Users\ARNAUD~1\AppData\Local\Temp\cctaZKDT.s 			page 3


 115              		.file 10 "../../lib/e-puck2_main-processor/ChibiOS//os/rt/ports/ARMCMx/chcore_v7m.h"
 116              		.file 11 "../../lib/e-puck2_main-processor/ChibiOS//os/rt/include/chdebug.h"
 117              		.file 12 "../../lib/e-puck2_main-processor/ChibiOS//os/rt/include/chtm.h"
 118              		.file 13 "../../lib/e-puck2_main-processor/ChibiOS//os/rt/include/chstats.h"
 119              		.file 14 "../../lib/e-puck2_main-processor/ChibiOS//os/rt/include/chsem.h"
 120              		.file 15 "../../lib/e-puck2_main-processor/ChibiOS//os/rt/include/chmtx.h"
 121              		.file 16 "../../lib/e-puck2_main-processor/ChibiOS//os/rt/include/chregistry.h"
 122              		.section	.debug_info,"",%progbits
 123              	.Ldebug_info0:
 124 0000 410A0000 		.4byte	0xa41
 125 0004 0400     		.2byte	0x4
 126 0006 00000000 		.4byte	.Ldebug_abbrev0
 127 000a 04       		.byte	0x4
 128 000b 01       		.uleb128 0x1
 129 000c 96020000 		.4byte	.LASF156
 130 0010 0C       		.byte	0xc
 131 0011 AF040000 		.4byte	.LASF157
 132 0015 BB010000 		.4byte	.LASF158
 133 0019 00000000 		.4byte	.Ldebug_ranges0+0
 134 001d 00000000 		.4byte	0
 135 0021 00000000 		.4byte	.Ldebug_line0
 136 0025 02       		.uleb128 0x2
 137 0026 01       		.byte	0x1
 138 0027 06       		.byte	0x6
 139 0028 35010000 		.4byte	.LASF0
 140 002c 03       		.uleb128 0x3
 141 002d 45000000 		.4byte	.LASF3
 142 0031 02       		.byte	0x2
 143 0032 2B       		.byte	0x2b
 144 0033 37000000 		.4byte	0x37
 145 0037 02       		.uleb128 0x2
 146 0038 01       		.byte	0x1
 147 0039 08       		.byte	0x8
 148 003a 09060000 		.4byte	.LASF1
 149 003e 02       		.uleb128 0x2
 150 003f 02       		.byte	0x2
 151 0040 05       		.byte	0x5
 152 0041 21060000 		.4byte	.LASF2
 153 0045 03       		.uleb128 0x3
 154 0046 30070000 		.4byte	.LASF4
 155 004a 02       		.byte	0x2
 156 004b 39       		.byte	0x39
 157 004c 50000000 		.4byte	0x50
 158 0050 02       		.uleb128 0x2
 159 0051 02       		.byte	0x2
 160 0052 07       		.byte	0x7
 161 0053 2A040000 		.4byte	.LASF5
 162 0057 03       		.uleb128 0x3
 163 0058 A5040000 		.4byte	.LASF6
 164 005c 02       		.byte	0x2
 165 005d 4D       		.byte	0x4d
 166 005e 62000000 		.4byte	0x62
 167 0062 02       		.uleb128 0x2
 168 0063 04       		.byte	0x4
 169 0064 05       		.byte	0x5
 170 0065 89010000 		.4byte	.LASF7
 171 0069 03       		.uleb128 0x3
ARM GAS  C:\Users\ARNAUD~1\AppData\Local\Temp\cctaZKDT.s 			page 4


 172 006a 6E070000 		.4byte	.LASF8
 173 006e 02       		.byte	0x2
 174 006f 4F       		.byte	0x4f
 175 0070 74000000 		.4byte	0x74
 176 0074 02       		.uleb128 0x2
 177 0075 04       		.byte	0x4
 178 0076 07       		.byte	0x7
 179 0077 12070000 		.4byte	.LASF9
 180 007b 02       		.uleb128 0x2
 181 007c 08       		.byte	0x8
 182 007d 05       		.byte	0x5
 183 007e 27010000 		.4byte	.LASF10
 184 0082 03       		.uleb128 0x3
 185 0083 A6050000 		.4byte	.LASF11
 186 0087 02       		.byte	0x2
 187 0088 69       		.byte	0x69
 188 0089 8D000000 		.4byte	0x8d
 189 008d 02       		.uleb128 0x2
 190 008e 08       		.byte	0x8
 191 008f 07       		.byte	0x7
 192 0090 94000000 		.4byte	.LASF12
 193 0094 04       		.uleb128 0x4
 194 0095 04       		.byte	0x4
 195 0096 05       		.byte	0x5
 196 0097 696E7400 		.ascii	"int\000"
 197 009b 02       		.uleb128 0x2
 198 009c 04       		.byte	0x4
 199 009d 07       		.byte	0x7
 200 009e 89020000 		.4byte	.LASF13
 201 00a2 03       		.uleb128 0x3
 202 00a3 D1070000 		.4byte	.LASF14
 203 00a7 03       		.byte	0x3
 204 00a8 18       		.byte	0x18
 205 00a9 2C000000 		.4byte	0x2c
 206 00ad 03       		.uleb128 0x3
 207 00ae DA030000 		.4byte	.LASF15
 208 00b2 03       		.byte	0x3
 209 00b3 24       		.byte	0x24
 210 00b4 45000000 		.4byte	0x45
 211 00b8 03       		.uleb128 0x3
 212 00b9 01060000 		.4byte	.LASF16
 213 00bd 03       		.byte	0x3
 214 00be 2C       		.byte	0x2c
 215 00bf 57000000 		.4byte	0x57
 216 00c3 05       		.uleb128 0x5
 217 00c4 B8000000 		.4byte	0xb8
 218 00c8 03       		.uleb128 0x3
 219 00c9 DD060000 		.4byte	.LASF17
 220 00cd 03       		.byte	0x3
 221 00ce 30       		.byte	0x30
 222 00cf 69000000 		.4byte	0x69
 223 00d3 03       		.uleb128 0x3
 224 00d4 2F000000 		.4byte	.LASF18
 225 00d8 03       		.byte	0x3
 226 00d9 3C       		.byte	0x3c
 227 00da 82000000 		.4byte	0x82
 228 00de 02       		.uleb128 0x2
ARM GAS  C:\Users\ARNAUD~1\AppData\Local\Temp\cctaZKDT.s 			page 5


 229 00df 08       		.byte	0x8
 230 00e0 04       		.byte	0x4
 231 00e1 1B050000 		.4byte	.LASF19
 232 00e5 03       		.uleb128 0x3
 233 00e6 FC040000 		.4byte	.LASF20
 234 00ea 04       		.byte	0x4
 235 00eb 45       		.byte	0x45
 236 00ec C8000000 		.4byte	0xc8
 237 00f0 03       		.uleb128 0x3
 238 00f1 02010000 		.4byte	.LASF21
 239 00f5 04       		.byte	0x4
 240 00f6 46       		.byte	0x46
 241 00f7 D3000000 		.4byte	0xd3
 242 00fb 03       		.uleb128 0x3
 243 00fc 5F060000 		.4byte	.LASF22
 244 0100 04       		.byte	0x4
 245 0101 48       		.byte	0x48
 246 0102 A2000000 		.4byte	0xa2
 247 0106 03       		.uleb128 0x3
 248 0107 92010000 		.4byte	.LASF23
 249 010b 04       		.byte	0x4
 250 010c 49       		.byte	0x49
 251 010d A2000000 		.4byte	0xa2
 252 0111 03       		.uleb128 0x3
 253 0112 BC050000 		.4byte	.LASF24
 254 0116 04       		.byte	0x4
 255 0117 4A       		.byte	0x4a
 256 0118 A2000000 		.4byte	0xa2
 257 011c 03       		.uleb128 0x3
 258 011d 75010000 		.4byte	.LASF25
 259 0121 04       		.byte	0x4
 260 0122 4B       		.byte	0x4b
 261 0123 A2000000 		.4byte	0xa2
 262 0127 03       		.uleb128 0x3
 263 0128 F0050000 		.4byte	.LASF26
 264 012c 04       		.byte	0x4
 265 012d 4C       		.byte	0x4c
 266 012e C8000000 		.4byte	0xc8
 267 0132 03       		.uleb128 0x3
 268 0133 56040000 		.4byte	.LASF27
 269 0137 04       		.byte	0x4
 270 0138 4D       		.byte	0x4d
 271 0139 B8000000 		.4byte	0xb8
 272 013d 03       		.uleb128 0x3
 273 013e 99040000 		.4byte	.LASF28
 274 0142 04       		.byte	0x4
 275 0143 4F       		.byte	0x4f
 276 0144 C8000000 		.4byte	0xc8
 277 0148 03       		.uleb128 0x3
 278 0149 78020000 		.4byte	.LASF29
 279 014d 04       		.byte	0x4
 280 014e 51       		.byte	0x51
 281 014f B8000000 		.4byte	0xb8
 282 0153 03       		.uleb128 0x3
 283 0154 61040000 		.4byte	.LASF30
 284 0158 04       		.byte	0x4
 285 0159 52       		.byte	0x52
ARM GAS  C:\Users\ARNAUD~1\AppData\Local\Temp\cctaZKDT.s 			page 6


 286 015a C8000000 		.4byte	0xc8
 287 015e 03       		.uleb128 0x3
 288 015f 50070000 		.4byte	.LASF31
 289 0163 05       		.byte	0x5
 290 0164 33       		.byte	0x33
 291 0165 C8000000 		.4byte	0xc8
 292 0169 05       		.uleb128 0x5
 293 016a 5E010000 		.4byte	0x15e
 294 016e 03       		.uleb128 0x3
 295 016f 3B070000 		.4byte	.LASF32
 296 0173 05       		.byte	0x5
 297 0174 3F       		.byte	0x3f
 298 0175 79010000 		.4byte	0x179
 299 0179 06       		.uleb128 0x6
 300 017a 4C040000 		.4byte	.LASF56
 301 017e 68       		.byte	0x68
 302 017f 06       		.byte	0x6
 303 0180 C2       		.byte	0xc2
 304 0181 97020000 		.4byte	0x297
 305 0185 07       		.uleb128 0x7
 306 0186 58060000 		.4byte	.LASF33
 307 018a 06       		.byte	0x6
 308 018b C3       		.byte	0xc3
 309 018c A2020000 		.4byte	0x2a2
 310 0190 00       		.byte	0
 311 0191 07       		.uleb128 0x7
 312 0192 E9050000 		.4byte	.LASF34
 313 0196 06       		.byte	0x6
 314 0197 C5       		.byte	0xc5
 315 0198 A2020000 		.4byte	0x2a2
 316 019c 04       		.byte	0x4
 317 019d 07       		.uleb128 0x7
 318 019e 0B010000 		.4byte	.LASF35
 319 01a2 06       		.byte	0x6
 320 01a3 C7       		.byte	0xc7
 321 01a4 27010000 		.4byte	0x127
 322 01a8 08       		.byte	0x8
 323 01a9 07       		.uleb128 0x7
 324 01aa 63050000 		.4byte	.LASF36
 325 01ae 06       		.byte	0x6
 326 01af C8       		.byte	0xc8
 327 01b0 1B050000 		.4byte	0x51b
 328 01b4 0C       		.byte	0xc
 329 01b5 07       		.uleb128 0x7
 330 01b6 AB010000 		.4byte	.LASF37
 331 01ba 06       		.byte	0x6
 332 01bb CA       		.byte	0xca
 333 01bc A2020000 		.4byte	0x2a2
 334 01c0 10       		.byte	0x10
 335 01c1 07       		.uleb128 0x7
 336 01c2 55050000 		.4byte	.LASF38
 337 01c6 06       		.byte	0x6
 338 01c7 CB       		.byte	0xcb
 339 01c8 A2020000 		.4byte	0x2a2
 340 01cc 14       		.byte	0x14
 341 01cd 07       		.uleb128 0x7
 342 01ce 03080000 		.4byte	.LASF39
ARM GAS  C:\Users\ARNAUD~1\AppData\Local\Temp\cctaZKDT.s 			page 7


 343 01d2 06       		.byte	0x6
 344 01d3 D2       		.byte	0xd2
 345 01d4 91080000 		.4byte	0x891
 346 01d8 18       		.byte	0x18
 347 01d9 07       		.uleb128 0x7
 348 01da 7E020000 		.4byte	.LASF40
 349 01de 06       		.byte	0x6
 350 01df D8       		.byte	0xd8
 351 01e0 A8080000 		.4byte	0x8a8
 352 01e4 1C       		.byte	0x1c
 353 01e5 07       		.uleb128 0x7
 354 01e6 2B060000 		.4byte	.LASF41
 355 01ea 06       		.byte	0x6
 356 01eb DD       		.byte	0xdd
 357 01ec 06010000 		.4byte	0x106
 358 01f0 20       		.byte	0x20
 359 01f1 07       		.uleb128 0x7
 360 01f2 76060000 		.4byte	.LASF42
 361 01f6 06       		.byte	0x6
 362 01f7 E1       		.byte	0xe1
 363 01f8 FB000000 		.4byte	0xfb
 364 01fc 21       		.byte	0x21
 365 01fd 07       		.uleb128 0x7
 366 01fe B3070000 		.4byte	.LASF43
 367 0202 06       		.byte	0x6
 368 0203 E6       		.byte	0xe6
 369 0204 11010000 		.4byte	0x111
 370 0208 22       		.byte	0x22
 371 0209 07       		.uleb128 0x7
 372 020a 9C050000 		.4byte	.LASF44
 373 020e 06       		.byte	0x6
 374 020f EC       		.byte	0xec
 375 0210 1C010000 		.4byte	0x11c
 376 0214 23       		.byte	0x23
 377 0215 07       		.uleb128 0x7
 378 0216 F3030000 		.4byte	.LASF45
 379 021a 06       		.byte	0x6
 380 021b F3       		.byte	0xf3
 381 021c 69010000 		.4byte	0x169
 382 0220 24       		.byte	0x24
 383 0221 08       		.uleb128 0x8
 384 0222 705F7500 		.ascii	"p_u\000"
 385 0226 06       		.byte	0x6
 386 0227 3101     		.2byte	0x131
 387 0229 C0070000 		.4byte	0x7c0
 388 022d 28       		.byte	0x28
 389 022e 09       		.uleb128 0x9
 390 022f F2040000 		.4byte	.LASF46
 391 0233 06       		.byte	0x6
 392 0234 3601     		.2byte	0x136
 393 0236 A8020000 		.4byte	0x2a8
 394 023a 2C       		.byte	0x2c
 395 023b 09       		.uleb128 0x9
 396 023c 0A040000 		.4byte	.LASF47
 397 0240 06       		.byte	0x6
 398 0241 3C01     		.2byte	0x13c
 399 0243 CC020000 		.4byte	0x2cc
ARM GAS  C:\Users\ARNAUD~1\AppData\Local\Temp\cctaZKDT.s 			page 8


 400 0247 30       		.byte	0x30
 401 0248 09       		.uleb128 0x9
 402 0249 92070000 		.4byte	.LASF48
 403 024d 06       		.byte	0x6
 404 024e 4001     		.2byte	0x140
 405 0250 32010000 		.4byte	0x132
 406 0254 38       		.byte	0x38
 407 0255 09       		.uleb128 0x9
 408 0256 D2060000 		.4byte	.LASF49
 409 025a 06       		.byte	0x6
 410 025b 4601     		.2byte	0x146
 411 025d 3D010000 		.4byte	0x13d
 412 0261 3C       		.byte	0x3c
 413 0262 09       		.uleb128 0x9
 414 0263 17060000 		.4byte	.LASF50
 415 0267 06       		.byte	0x6
 416 0268 4D01     		.2byte	0x14d
 417 026a 8B080000 		.4byte	0x88b
 418 026e 40       		.byte	0x40
 419 026f 09       		.uleb128 0x9
 420 0270 5A070000 		.4byte	.LASF51
 421 0274 06       		.byte	0x6
 422 0275 5101     		.2byte	0x151
 423 0277 27010000 		.4byte	0x127
 424 027b 44       		.byte	0x44
 425 027c 09       		.uleb128 0x9
 426 027d 5E010000 		.4byte	.LASF52
 427 0281 06       		.byte	0x6
 428 0282 5801     		.2byte	0x158
 429 0284 7F030000 		.4byte	0x37f
 430 0288 48       		.byte	0x48
 431 0289 09       		.uleb128 0x9
 432 028a 7E060000 		.4byte	.LASF53
 433 028e 06       		.byte	0x6
 434 028f 5E01     		.2byte	0x15e
 435 0291 71070000 		.4byte	0x771
 436 0295 50       		.byte	0x50
 437 0296 00       		.byte	0
 438 0297 03       		.uleb128 0x3
 439 0298 E9070000 		.4byte	.LASF54
 440 029c 05       		.byte	0x5
 441 029d 44       		.byte	0x44
 442 029e A2020000 		.4byte	0x2a2
 443 02a2 0A       		.uleb128 0xa
 444 02a3 04       		.byte	0x4
 445 02a4 6E010000 		.4byte	0x16e
 446 02a8 03       		.uleb128 0x3
 447 02a9 CF040000 		.4byte	.LASF55
 448 02ad 05       		.byte	0x5
 449 02ae 49       		.byte	0x49
 450 02af B3020000 		.4byte	0x2b3
 451 02b3 06       		.uleb128 0x6
 452 02b4 FA060000 		.4byte	.LASF57
 453 02b8 04       		.byte	0x4
 454 02b9 06       		.byte	0x6
 455 02ba B0       		.byte	0xb0
 456 02bb CC020000 		.4byte	0x2cc
ARM GAS  C:\Users\ARNAUD~1\AppData\Local\Temp\cctaZKDT.s 			page 9


 457 02bf 07       		.uleb128 0x7
 458 02c0 58060000 		.4byte	.LASF33
 459 02c4 06       		.byte	0x6
 460 02c5 B1       		.byte	0xb1
 461 02c6 A2020000 		.4byte	0x2a2
 462 02ca 00       		.byte	0
 463 02cb 00       		.byte	0
 464 02cc 03       		.uleb128 0x3
 465 02cd 86060000 		.4byte	.LASF58
 466 02d1 05       		.byte	0x5
 467 02d2 50       		.byte	0x50
 468 02d3 D7020000 		.4byte	0x2d7
 469 02d7 06       		.uleb128 0x6
 470 02d8 5B000000 		.4byte	.LASF59
 471 02dc 08       		.byte	0x8
 472 02dd 06       		.byte	0x6
 473 02de B7       		.byte	0xb7
 474 02df FC020000 		.4byte	0x2fc
 475 02e3 07       		.uleb128 0x7
 476 02e4 58060000 		.4byte	.LASF33
 477 02e8 06       		.byte	0x6
 478 02e9 B8       		.byte	0xb8
 479 02ea A2020000 		.4byte	0x2a2
 480 02ee 00       		.byte	0
 481 02ef 07       		.uleb128 0x7
 482 02f0 E9050000 		.4byte	.LASF34
 483 02f4 06       		.byte	0x6
 484 02f5 B9       		.byte	0xb9
 485 02f6 A2020000 		.4byte	0x2a2
 486 02fa 04       		.byte	0x4
 487 02fb 00       		.byte	0
 488 02fc 03       		.uleb128 0x3
 489 02fd 0D000000 		.4byte	.LASF60
 490 0301 05       		.byte	0x5
 491 0302 57       		.byte	0x57
 492 0303 07030000 		.4byte	0x307
 493 0307 0B       		.uleb128 0xb
 494 0308 8B040000 		.4byte	.LASF61
 495 030c 1C       		.byte	0x1c
 496 030d 06       		.byte	0x6
 497 030e 9001     		.2byte	0x190
 498 0310 63030000 		.4byte	0x363
 499 0314 09       		.uleb128 0x9
 500 0315 F2060000 		.4byte	.LASF62
 501 0319 06       		.byte	0x6
 502 031a 9101     		.2byte	0x191
 503 031c CC020000 		.4byte	0x2cc
 504 0320 00       		.byte	0
 505 0321 09       		.uleb128 0x9
 506 0322 4A060000 		.4byte	.LASF63
 507 0326 06       		.byte	0x6
 508 0327 9201     		.2byte	0x192
 509 0329 27010000 		.4byte	0x127
 510 032d 08       		.byte	0x8
 511 032e 09       		.uleb128 0x9
 512 032f 5D050000 		.4byte	.LASF64
 513 0333 06       		.byte	0x6
ARM GAS  C:\Users\ARNAUD~1\AppData\Local\Temp\cctaZKDT.s 			page 10


 514 0334 9401     		.2byte	0x194
 515 0336 1B050000 		.4byte	0x51b
 516 033a 0C       		.byte	0xc
 517 033b 09       		.uleb128 0x9
 518 033c 29020000 		.4byte	.LASF65
 519 0340 06       		.byte	0x6
 520 0341 9701     		.2byte	0x197
 521 0343 A2020000 		.4byte	0x2a2
 522 0347 10       		.byte	0x10
 523 0348 09       		.uleb128 0x9
 524 0349 94050000 		.4byte	.LASF66
 525 034d 06       		.byte	0x6
 526 034e 9801     		.2byte	0x198
 527 0350 A2020000 		.4byte	0x2a2
 528 0354 14       		.byte	0x14
 529 0355 09       		.uleb128 0x9
 530 0356 8A050000 		.4byte	.LASF67
 531 035a 06       		.byte	0x6
 532 035b 9B01     		.2byte	0x19b
 533 035d A2020000 		.4byte	0x2a2
 534 0361 18       		.byte	0x18
 535 0362 00       		.byte	0
 536 0363 03       		.uleb128 0x3
 537 0364 65070000 		.4byte	.LASF68
 538 0368 05       		.byte	0x5
 539 0369 5C       		.byte	0x5c
 540 036a 6E030000 		.4byte	0x36e
 541 036e 0A       		.uleb128 0xa
 542 036f 04       		.byte	0x4
 543 0370 74030000 		.4byte	0x374
 544 0374 0C       		.uleb128 0xc
 545 0375 7F030000 		.4byte	0x37f
 546 0379 0D       		.uleb128 0xd
 547 037a 7F030000 		.4byte	0x37f
 548 037e 00       		.byte	0
 549 037f 0E       		.uleb128 0xe
 550 0380 04       		.byte	0x4
 551 0381 03       		.uleb128 0x3
 552 0382 D9050000 		.4byte	.LASF69
 553 0386 05       		.byte	0x5
 554 0387 61       		.byte	0x61
 555 0388 8C030000 		.4byte	0x38c
 556 038c 0B       		.uleb128 0xb
 557 038d 96060000 		.4byte	.LASF70
 558 0391 14       		.byte	0x14
 559 0392 06       		.byte	0x6
 560 0393 6B01     		.2byte	0x16b
 561 0395 DB030000 		.4byte	0x3db
 562 0399 09       		.uleb128 0x9
 563 039a 58020000 		.4byte	.LASF71
 564 039e 06       		.byte	0x6
 565 039f 6C01     		.2byte	0x16c
 566 03a1 AE080000 		.4byte	0x8ae
 567 03a5 00       		.byte	0
 568 03a6 09       		.uleb128 0x9
 569 03a7 3A020000 		.4byte	.LASF72
 570 03ab 06       		.byte	0x6
ARM GAS  C:\Users\ARNAUD~1\AppData\Local\Temp\cctaZKDT.s 			page 11


 571 03ac 6D01     		.2byte	0x16d
 572 03ae AE080000 		.4byte	0x8ae
 573 03b2 04       		.byte	0x4
 574 03b3 09       		.uleb128 0x9
 575 03b4 01040000 		.4byte	.LASF73
 576 03b8 06       		.byte	0x6
 577 03b9 6E01     		.2byte	0x16e
 578 03bb 5E010000 		.4byte	0x15e
 579 03bf 08       		.byte	0x8
 580 03c0 09       		.uleb128 0x9
 581 03c1 58080000 		.4byte	.LASF74
 582 03c5 06       		.byte	0x6
 583 03c6 6F01     		.2byte	0x16f
 584 03c8 63030000 		.4byte	0x363
 585 03cc 0C       		.byte	0xc
 586 03cd 09       		.uleb128 0x9
 587 03ce 98070000 		.4byte	.LASF75
 588 03d2 06       		.byte	0x6
 589 03d3 7101     		.2byte	0x171
 590 03d5 7F030000 		.4byte	0x37f
 591 03d9 10       		.byte	0x10
 592 03da 00       		.byte	0
 593 03db 03       		.uleb128 0x3
 594 03dc DF000000 		.4byte	.LASF76
 595 03e0 05       		.byte	0x5
 596 03e1 66       		.byte	0x66
 597 03e2 E6030000 		.4byte	0x3e6
 598 03e6 0B       		.uleb128 0xb
 599 03e7 04050000 		.4byte	.LASF77
 600 03eb 10       		.byte	0x10
 601 03ec 06       		.byte	0x6
 602 03ed 7B01     		.2byte	0x17b
 603 03ef 28040000 		.4byte	0x428
 604 03f3 09       		.uleb128 0x9
 605 03f4 58020000 		.4byte	.LASF71
 606 03f8 06       		.byte	0x6
 607 03f9 7C01     		.2byte	0x17c
 608 03fb AE080000 		.4byte	0x8ae
 609 03ff 00       		.byte	0
 610 0400 09       		.uleb128 0x9
 611 0401 3A020000 		.4byte	.LASF72
 612 0405 06       		.byte	0x6
 613 0406 7E01     		.2byte	0x17e
 614 0408 AE080000 		.4byte	0x8ae
 615 040c 04       		.byte	0x4
 616 040d 09       		.uleb128 0x9
 617 040e 01040000 		.4byte	.LASF73
 618 0412 06       		.byte	0x6
 619 0413 8001     		.2byte	0x180
 620 0415 5E010000 		.4byte	0x15e
 621 0419 08       		.byte	0x8
 622 041a 09       		.uleb128 0x9
 623 041b 0A080000 		.4byte	.LASF78
 624 041f 06       		.byte	0x6
 625 0420 8201     		.2byte	0x182
 626 0422 69010000 		.4byte	0x169
 627 0426 0C       		.byte	0xc
ARM GAS  C:\Users\ARNAUD~1\AppData\Local\Temp\cctaZKDT.s 			page 12


 628 0427 00       		.byte	0
 629 0428 03       		.uleb128 0x3
 630 0429 6C000000 		.4byte	.LASF79
 631 042d 05       		.byte	0x5
 632 042e 6B       		.byte	0x6b
 633 042f 33040000 		.4byte	0x433
 634 0433 0F       		.uleb128 0xf
 635 0434 42020000 		.4byte	.LASF80
 636 0438 1404     		.2byte	0x414
 637 043a 06       		.byte	0x6
 638 043b A201     		.2byte	0x1a2
 639 043d 76040000 		.4byte	0x476
 640 0441 09       		.uleb128 0x9
 641 0442 79070000 		.4byte	.LASF81
 642 0446 06       		.byte	0x6
 643 0447 AA01     		.2byte	0x1aa
 644 0449 97080000 		.4byte	0x897
 645 044d 00       		.byte	0
 646 044e 09       		.uleb128 0x9
 647 044f BA070000 		.4byte	.LASF82
 648 0453 06       		.byte	0x6
 649 0454 AF01     		.2byte	0x1af
 650 0456 48010000 		.4byte	0x148
 651 045a 04       		.byte	0x4
 652 045b 09       		.uleb128 0x9
 653 045c 60020000 		.4byte	.LASF83
 654 0460 06       		.byte	0x6
 655 0461 B301     		.2byte	0x1b3
 656 0463 48010000 		.4byte	0x148
 657 0467 08       		.byte	0x8
 658 0468 09       		.uleb128 0x9
 659 0469 15080000 		.4byte	.LASF84
 660 046d 06       		.byte	0x6
 661 046e B901     		.2byte	0x1b9
 662 0470 03070000 		.4byte	0x703
 663 0474 0C       		.byte	0xc
 664 0475 00       		.byte	0
 665 0476 03       		.uleb128 0x3
 666 0477 68040000 		.4byte	.LASF85
 667 047b 05       		.byte	0x5
 668 047c 70       		.byte	0x70
 669 047d 81040000 		.4byte	0x481
 670 0481 0F       		.uleb128 0xf
 671 0482 7F010000 		.4byte	.LASF86
 672 0486 7006     		.2byte	0x670
 673 0488 06       		.byte	0x6
 674 0489 C201     		.2byte	0x1c2
 675 048b EE040000 		.4byte	0x4ee
 676 048f 09       		.uleb128 0x9
 677 0490 CB070000 		.4byte	.LASF87
 678 0494 06       		.byte	0x6
 679 0495 C601     		.2byte	0x1c6
 680 0497 FC020000 		.4byte	0x2fc
 681 049b 00       		.byte	0
 682 049c 09       		.uleb128 0x9
 683 049d 6E010000 		.4byte	.LASF88
 684 04a1 06       		.byte	0x6
ARM GAS  C:\Users\ARNAUD~1\AppData\Local\Temp\cctaZKDT.s 			page 13


 685 04a2 CA01     		.2byte	0x1ca
 686 04a4 DB030000 		.4byte	0x3db
 687 04a8 1C       		.byte	0x1c
 688 04a9 08       		.uleb128 0x8
 689 04aa 64626700 		.ascii	"dbg\000"
 690 04ae 06       		.byte	0x6
 691 04af CE01     		.2byte	0x1ce
 692 04b1 28040000 		.4byte	0x428
 693 04b5 2C       		.byte	0x2c
 694 04b6 10       		.uleb128 0x10
 695 04b7 D4000000 		.4byte	.LASF89
 696 04bb 06       		.byte	0x6
 697 04bc D201     		.2byte	0x1d2
 698 04be 6E010000 		.4byte	0x16e
 699 04c2 4004     		.2byte	0x440
 700 04c4 11       		.uleb128 0x11
 701 04c5 746D00   		.ascii	"tm\000"
 702 04c8 06       		.byte	0x6
 703 04c9 D701     		.2byte	0x1d7
 704 04cb 23070000 		.4byte	0x723
 705 04cf A804     		.2byte	0x4a8
 706 04d1 10       		.uleb128 0x10
 707 04d2 38000000 		.4byte	.LASF90
 708 04d6 06       		.byte	0x6
 709 04d7 DD01     		.2byte	0x1dd
 710 04d9 B5070000 		.4byte	0x7b5
 711 04dd B004     		.2byte	0x4b0
 712 04df 10       		.uleb128 0x10
 713 04e0 69020000 		.4byte	.LASF91
 714 04e4 06       		.byte	0x6
 715 04e5 E301     		.2byte	0x1e3
 716 04e7 B4080000 		.4byte	0x8b4
 717 04eb E804     		.2byte	0x4e8
 718 04ed 00       		.byte	0
 719 04ee 12       		.uleb128 0x12
 720 04ef F5000000 		.4byte	.LASF92
 721 04f3 07       		.byte	0x7
 722 04f4 A706     		.2byte	0x6a7
 723 04f6 C3000000 		.4byte	0xc3
 724 04fa 13       		.uleb128 0x13
 725 04fb E3030000 		.4byte	.LASF93
 726 04ff 08       		.byte	0x8
 727 0500 4C       		.byte	0x4c
 728 0501 C8000000 		.4byte	0xc8
 729 0505 03       		.uleb128 0x3
 730 0506 31020000 		.4byte	.LASF94
 731 050a 09       		.byte	0x9
 732 050b 65       		.byte	0x65
 733 050c 7F030000 		.4byte	0x37f
 734 0510 03       		.uleb128 0x3
 735 0511 C4040000 		.4byte	.LASF95
 736 0515 09       		.byte	0x9
 737 0516 6D       		.byte	0x6d
 738 0517 D3000000 		.4byte	0xd3
 739 051b 06       		.uleb128 0x6
 740 051c 8A070000 		.4byte	.LASF96
 741 0520 04       		.byte	0x4
ARM GAS  C:\Users\ARNAUD~1\AppData\Local\Temp\cctaZKDT.s 			page 14


 742 0521 09       		.byte	0x9
 743 0522 89       		.byte	0x89
 744 0523 34050000 		.4byte	0x534
 745 0527 14       		.uleb128 0x14
 746 0528 72313300 		.ascii	"r13\000"
 747 052c 09       		.byte	0x9
 748 052d 8A       		.byte	0x8a
 749 052e 75060000 		.4byte	0x675
 750 0532 00       		.byte	0
 751 0533 00       		.byte	0
 752 0534 06       		.uleb128 0x6
 753 0535 4F000000 		.4byte	.LASF97
 754 0539 64       		.byte	0x64
 755 053a 0A       		.byte	0xa
 756 053b F4       		.byte	0xf4
 757 053c 75060000 		.4byte	0x675
 758 0540 14       		.uleb128 0x14
 759 0541 73313600 		.ascii	"s16\000"
 760 0545 0A       		.byte	0xa
 761 0546 F6       		.byte	0xf6
 762 0547 05050000 		.4byte	0x505
 763 054b 00       		.byte	0
 764 054c 14       		.uleb128 0x14
 765 054d 73313700 		.ascii	"s17\000"
 766 0551 0A       		.byte	0xa
 767 0552 F7       		.byte	0xf7
 768 0553 05050000 		.4byte	0x505
 769 0557 04       		.byte	0x4
 770 0558 14       		.uleb128 0x14
 771 0559 73313800 		.ascii	"s18\000"
 772 055d 0A       		.byte	0xa
 773 055e F8       		.byte	0xf8
 774 055f 05050000 		.4byte	0x505
 775 0563 08       		.byte	0x8
 776 0564 14       		.uleb128 0x14
 777 0565 73313900 		.ascii	"s19\000"
 778 0569 0A       		.byte	0xa
 779 056a F9       		.byte	0xf9
 780 056b 05050000 		.4byte	0x505
 781 056f 0C       		.byte	0xc
 782 0570 14       		.uleb128 0x14
 783 0571 73323000 		.ascii	"s20\000"
 784 0575 0A       		.byte	0xa
 785 0576 FA       		.byte	0xfa
 786 0577 05050000 		.4byte	0x505
 787 057b 10       		.byte	0x10
 788 057c 14       		.uleb128 0x14
 789 057d 73323100 		.ascii	"s21\000"
 790 0581 0A       		.byte	0xa
 791 0582 FB       		.byte	0xfb
 792 0583 05050000 		.4byte	0x505
 793 0587 14       		.byte	0x14
 794 0588 14       		.uleb128 0x14
 795 0589 73323200 		.ascii	"s22\000"
 796 058d 0A       		.byte	0xa
 797 058e FC       		.byte	0xfc
 798 058f 05050000 		.4byte	0x505
ARM GAS  C:\Users\ARNAUD~1\AppData\Local\Temp\cctaZKDT.s 			page 15


 799 0593 18       		.byte	0x18
 800 0594 14       		.uleb128 0x14
 801 0595 73323300 		.ascii	"s23\000"
 802 0599 0A       		.byte	0xa
 803 059a FD       		.byte	0xfd
 804 059b 05050000 		.4byte	0x505
 805 059f 1C       		.byte	0x1c
 806 05a0 14       		.uleb128 0x14
 807 05a1 73323400 		.ascii	"s24\000"
 808 05a5 0A       		.byte	0xa
 809 05a6 FE       		.byte	0xfe
 810 05a7 05050000 		.4byte	0x505
 811 05ab 20       		.byte	0x20
 812 05ac 14       		.uleb128 0x14
 813 05ad 73323500 		.ascii	"s25\000"
 814 05b1 0A       		.byte	0xa
 815 05b2 FF       		.byte	0xff
 816 05b3 05050000 		.4byte	0x505
 817 05b7 24       		.byte	0x24
 818 05b8 08       		.uleb128 0x8
 819 05b9 73323600 		.ascii	"s26\000"
 820 05bd 0A       		.byte	0xa
 821 05be 0001     		.2byte	0x100
 822 05c0 05050000 		.4byte	0x505
 823 05c4 28       		.byte	0x28
 824 05c5 08       		.uleb128 0x8
 825 05c6 73323700 		.ascii	"s27\000"
 826 05ca 0A       		.byte	0xa
 827 05cb 0101     		.2byte	0x101
 828 05cd 05050000 		.4byte	0x505
 829 05d1 2C       		.byte	0x2c
 830 05d2 08       		.uleb128 0x8
 831 05d3 73323800 		.ascii	"s28\000"
 832 05d7 0A       		.byte	0xa
 833 05d8 0201     		.2byte	0x102
 834 05da 05050000 		.4byte	0x505
 835 05de 30       		.byte	0x30
 836 05df 08       		.uleb128 0x8
 837 05e0 73323900 		.ascii	"s29\000"
 838 05e4 0A       		.byte	0xa
 839 05e5 0301     		.2byte	0x103
 840 05e7 05050000 		.4byte	0x505
 841 05eb 34       		.byte	0x34
 842 05ec 08       		.uleb128 0x8
 843 05ed 73333000 		.ascii	"s30\000"
 844 05f1 0A       		.byte	0xa
 845 05f2 0401     		.2byte	0x104
 846 05f4 05050000 		.4byte	0x505
 847 05f8 38       		.byte	0x38
 848 05f9 08       		.uleb128 0x8
 849 05fa 73333100 		.ascii	"s31\000"
 850 05fe 0A       		.byte	0xa
 851 05ff 0501     		.2byte	0x105
 852 0601 05050000 		.4byte	0x505
 853 0605 3C       		.byte	0x3c
 854 0606 08       		.uleb128 0x8
 855 0607 723400   		.ascii	"r4\000"
ARM GAS  C:\Users\ARNAUD~1\AppData\Local\Temp\cctaZKDT.s 			page 16


 856 060a 0A       		.byte	0xa
 857 060b 0701     		.2byte	0x107
 858 060d 05050000 		.4byte	0x505
 859 0611 40       		.byte	0x40
 860 0612 08       		.uleb128 0x8
 861 0613 723500   		.ascii	"r5\000"
 862 0616 0A       		.byte	0xa
 863 0617 0801     		.2byte	0x108
 864 0619 05050000 		.4byte	0x505
 865 061d 44       		.byte	0x44
 866 061e 08       		.uleb128 0x8
 867 061f 723600   		.ascii	"r6\000"
 868 0622 0A       		.byte	0xa
 869 0623 0901     		.2byte	0x109
 870 0625 05050000 		.4byte	0x505
 871 0629 48       		.byte	0x48
 872 062a 08       		.uleb128 0x8
 873 062b 723700   		.ascii	"r7\000"
 874 062e 0A       		.byte	0xa
 875 062f 0A01     		.2byte	0x10a
 876 0631 05050000 		.4byte	0x505
 877 0635 4C       		.byte	0x4c
 878 0636 08       		.uleb128 0x8
 879 0637 723800   		.ascii	"r8\000"
 880 063a 0A       		.byte	0xa
 881 063b 0B01     		.2byte	0x10b
 882 063d 05050000 		.4byte	0x505
 883 0641 50       		.byte	0x50
 884 0642 08       		.uleb128 0x8
 885 0643 723900   		.ascii	"r9\000"
 886 0646 0A       		.byte	0xa
 887 0647 0C01     		.2byte	0x10c
 888 0649 05050000 		.4byte	0x505
 889 064d 54       		.byte	0x54
 890 064e 08       		.uleb128 0x8
 891 064f 72313000 		.ascii	"r10\000"
 892 0653 0A       		.byte	0xa
 893 0654 0D01     		.2byte	0x10d
 894 0656 05050000 		.4byte	0x505
 895 065a 58       		.byte	0x58
 896 065b 08       		.uleb128 0x8
 897 065c 72313100 		.ascii	"r11\000"
 898 0660 0A       		.byte	0xa
 899 0661 0E01     		.2byte	0x10e
 900 0663 05050000 		.4byte	0x505
 901 0667 5C       		.byte	0x5c
 902 0668 08       		.uleb128 0x8
 903 0669 6C7200   		.ascii	"lr\000"
 904 066c 0A       		.byte	0xa
 905 066d 0F01     		.2byte	0x10f
 906 066f 05050000 		.4byte	0x505
 907 0673 60       		.byte	0x60
 908 0674 00       		.byte	0
 909 0675 0A       		.uleb128 0xa
 910 0676 04       		.byte	0x4
 911 0677 34050000 		.4byte	0x534
 912 067b 15       		.uleb128 0x15
ARM GAS  C:\Users\ARNAUD~1\AppData\Local\Temp\cctaZKDT.s 			page 17


 913 067c 10       		.byte	0x10
 914 067d 0B       		.byte	0xb
 915 067e 51       		.byte	0x51
 916 067f B4060000 		.4byte	0x6b4
 917 0683 07       		.uleb128 0x7
 918 0684 1A000000 		.4byte	.LASF98
 919 0688 0B       		.byte	0xb
 920 0689 55       		.byte	0x55
 921 068a 5E010000 		.4byte	0x15e
 922 068e 00       		.byte	0
 923 068f 07       		.uleb128 0x7
 924 0690 9B010000 		.4byte	.LASF99
 925 0694 0B       		.byte	0xb
 926 0695 59       		.byte	0x59
 927 0696 A2020000 		.4byte	0x2a2
 928 069a 04       		.byte	0x4
 929 069b 07       		.uleb128 0x7
 930 069c 40080000 		.4byte	.LASF100
 931 06a0 0B       		.byte	0xb
 932 06a1 5D       		.byte	0x5d
 933 06a2 7F030000 		.4byte	0x37f
 934 06a6 08       		.byte	0x8
 935 06a7 07       		.uleb128 0x7
 936 06a8 C2070000 		.4byte	.LASF101
 937 06ac 0B       		.byte	0xb
 938 06ad 61       		.byte	0x61
 939 06ae A2000000 		.4byte	0xa2
 940 06b2 0C       		.byte	0xc
 941 06b3 00       		.byte	0
 942 06b4 03       		.uleb128 0x3
 943 06b5 3A050000 		.4byte	.LASF102
 944 06b9 0B       		.byte	0xb
 945 06ba 62       		.byte	0x62
 946 06bb 7B060000 		.4byte	0x67b
 947 06bf 16       		.uleb128 0x16
 948 06c0 0804     		.2byte	0x408
 949 06c2 0B       		.byte	0xb
 950 06c3 67       		.byte	0x67
 951 06c4 ED060000 		.4byte	0x6ed
 952 06c8 07       		.uleb128 0x7
 953 06c9 21020000 		.4byte	.LASF103
 954 06cd 0B       		.byte	0xb
 955 06ce 6B       		.byte	0x6b
 956 06cf 9B000000 		.4byte	0x9b
 957 06d3 00       		.byte	0
 958 06d4 07       		.uleb128 0x7
 959 06d5 33050000 		.4byte	.LASF104
 960 06d9 0B       		.byte	0xb
 961 06da 6F       		.byte	0x6f
 962 06db ED060000 		.4byte	0x6ed
 963 06df 04       		.byte	0x4
 964 06e0 07       		.uleb128 0x7
 965 06e1 C4050000 		.4byte	.LASF105
 966 06e5 0B       		.byte	0xb
 967 06e6 73       		.byte	0x73
 968 06e7 F3060000 		.4byte	0x6f3
 969 06eb 08       		.byte	0x8
ARM GAS  C:\Users\ARNAUD~1\AppData\Local\Temp\cctaZKDT.s 			page 18


 970 06ec 00       		.byte	0
 971 06ed 0A       		.uleb128 0xa
 972 06ee 04       		.byte	0x4
 973 06ef B4060000 		.4byte	0x6b4
 974 06f3 17       		.uleb128 0x17
 975 06f4 B4060000 		.4byte	0x6b4
 976 06f8 03070000 		.4byte	0x703
 977 06fc 18       		.uleb128 0x18
 978 06fd 9B000000 		.4byte	0x9b
 979 0701 3F       		.byte	0x3f
 980 0702 00       		.byte	0
 981 0703 03       		.uleb128 0x3
 982 0704 AB000000 		.4byte	.LASF106
 983 0708 0B       		.byte	0xb
 984 0709 74       		.byte	0x74
 985 070a BF060000 		.4byte	0x6bf
 986 070e 15       		.uleb128 0x15
 987 070f 04       		.byte	0x4
 988 0710 0C       		.byte	0xc
 989 0711 38       		.byte	0x38
 990 0712 23070000 		.4byte	0x723
 991 0716 07       		.uleb128 0x7
 992 0717 83070000 		.4byte	.LASF107
 993 071b 0C       		.byte	0xc
 994 071c 3C       		.byte	0x3c
 995 071d E5000000 		.4byte	0xe5
 996 0721 00       		.byte	0
 997 0722 00       		.byte	0
 998 0723 03       		.uleb128 0x3
 999 0724 79050000 		.4byte	.LASF108
 1000 0728 0C       		.byte	0xc
 1001 0729 3D       		.byte	0x3d
 1002 072a 0E070000 		.4byte	0x70e
 1003 072e 15       		.uleb128 0x15
 1004 072f 18       		.byte	0x18
 1005 0730 0C       		.byte	0xc
 1006 0731 48       		.byte	0x48
 1007 0732 71070000 		.4byte	0x771
 1008 0736 07       		.uleb128 0x7
 1009 0737 44070000 		.4byte	.LASF109
 1010 073b 0C       		.byte	0xc
 1011 073c 49       		.byte	0x49
 1012 073d E5000000 		.4byte	0xe5
 1013 0741 00       		.byte	0
 1014 0742 07       		.uleb128 0x7
 1015 0743 7B000000 		.4byte	.LASF110
 1016 0747 0C       		.byte	0xc
 1017 0748 4A       		.byte	0x4a
 1018 0749 E5000000 		.4byte	0xe5
 1019 074d 04       		.byte	0x4
 1020 074e 07       		.uleb128 0x7
 1021 074f 5C040000 		.4byte	.LASF111
 1022 0753 0C       		.byte	0xc
 1023 0754 4B       		.byte	0x4b
 1024 0755 E5000000 		.4byte	0xe5
 1025 0759 08       		.byte	0x8
 1026 075a 14       		.uleb128 0x14
ARM GAS  C:\Users\ARNAUD~1\AppData\Local\Temp\cctaZKDT.s 			page 19


 1027 075b 6E00     		.ascii	"n\000"
 1028 075d 0C       		.byte	0xc
 1029 075e 4C       		.byte	0x4c
 1030 075f 53010000 		.4byte	0x153
 1031 0763 0C       		.byte	0xc
 1032 0764 07       		.uleb128 0x7
 1033 0765 B1050000 		.4byte	.LASF112
 1034 0769 0C       		.byte	0xc
 1035 076a 4D       		.byte	0x4d
 1036 076b F0000000 		.4byte	0xf0
 1037 076f 10       		.byte	0x10
 1038 0770 00       		.byte	0
 1039 0771 03       		.uleb128 0x3
 1040 0772 81000000 		.4byte	.LASF113
 1041 0776 0C       		.byte	0xc
 1042 0777 4E       		.byte	0x4e
 1043 0778 2E070000 		.4byte	0x72e
 1044 077c 15       		.uleb128 0x15
 1045 077d 38       		.byte	0x38
 1046 077e 0D       		.byte	0xd
 1047 077f 38       		.byte	0x38
 1048 0780 B5070000 		.4byte	0x7b5
 1049 0784 07       		.uleb128 0x7
 1050 0785 1E040000 		.4byte	.LASF114
 1051 0789 0D       		.byte	0xd
 1052 078a 39       		.byte	0x39
 1053 078b 53010000 		.4byte	0x153
 1054 078f 00       		.byte	0
 1055 0790 07       		.uleb128 0x7
 1056 0791 F8050000 		.4byte	.LASF115
 1057 0795 0D       		.byte	0xd
 1058 0796 3A       		.byte	0x3a
 1059 0797 53010000 		.4byte	0x153
 1060 079b 04       		.byte	0x4
 1061 079c 07       		.uleb128 0x7
 1062 079d 2D080000 		.4byte	.LASF116
 1063 07a1 0D       		.byte	0xd
 1064 07a2 3B       		.byte	0x3b
 1065 07a3 71070000 		.4byte	0x771
 1066 07a7 08       		.byte	0x8
 1067 07a8 07       		.uleb128 0x7
 1068 07a9 80040000 		.4byte	.LASF117
 1069 07ad 0D       		.byte	0xd
 1070 07ae 3D       		.byte	0x3d
 1071 07af 71070000 		.4byte	0x771
 1072 07b3 20       		.byte	0x20
 1073 07b4 00       		.byte	0
 1074 07b5 03       		.uleb128 0x3
 1075 07b6 3D040000 		.4byte	.LASF118
 1076 07ba 0D       		.byte	0xd
 1077 07bb 3F       		.byte	0x3f
 1078 07bc 7C070000 		.4byte	0x77c
 1079 07c0 19       		.uleb128 0x19
 1080 07c1 04       		.byte	0x4
 1081 07c2 06       		.byte	0x6
 1082 07c3 FA       		.byte	0xfa
 1083 07c4 1D080000 		.4byte	0x81d
ARM GAS  C:\Users\ARNAUD~1\AppData\Local\Temp\cctaZKDT.s 			page 20


 1084 07c8 1A       		.uleb128 0x1a
 1085 07c9 28000000 		.4byte	.LASF119
 1086 07cd 06       		.byte	0x6
 1087 07ce 0101     		.2byte	0x101
 1088 07d0 32010000 		.4byte	0x132
 1089 07d4 1A       		.uleb128 0x1a
 1090 07d5 CB000000 		.4byte	.LASF120
 1091 07d9 06       		.byte	0x6
 1092 07da 0801     		.2byte	0x108
 1093 07dc 32010000 		.4byte	0x132
 1094 07e0 1A       		.uleb128 0x1a
 1095 07e1 FC070000 		.4byte	.LASF121
 1096 07e5 06       		.byte	0x6
 1097 07e6 0F01     		.2byte	0x10f
 1098 07e8 7F030000 		.4byte	0x37f
 1099 07ec 1A       		.uleb128 0x1a
 1100 07ed 22000000 		.4byte	.LASF122
 1101 07f1 06       		.byte	0x6
 1102 07f2 1601     		.2byte	0x116
 1103 07f4 1D080000 		.4byte	0x81d
 1104 07f8 1A       		.uleb128 0x1a
 1105 07f9 FA030000 		.4byte	.LASF123
 1106 07fd 06       		.byte	0x6
 1107 07fe 1E01     		.2byte	0x11e
 1108 0800 48080000 		.4byte	0x848
 1109 0804 1A       		.uleb128 0x1a
 1110 0805 29070000 		.4byte	.LASF124
 1111 0809 06       		.byte	0x6
 1112 080a 2701     		.2byte	0x127
 1113 080c 8B080000 		.4byte	0x88b
 1114 0810 1A       		.uleb128 0x1a
 1115 0811 51060000 		.4byte	.LASF125
 1116 0815 06       		.byte	0x6
 1117 0816 2F01     		.2byte	0x12f
 1118 0818 3D010000 		.4byte	0x13d
 1119 081c 00       		.byte	0
 1120 081d 0A       		.uleb128 0xa
 1121 081e 04       		.byte	0x4
 1122 081f 97020000 		.4byte	0x297
 1123 0823 06       		.uleb128 0x6
 1124 0824 C5060000 		.4byte	.LASF126
 1125 0828 0C       		.byte	0xc
 1126 0829 0E       		.byte	0xe
 1127 082a 34       		.byte	0x34
 1128 082b 48080000 		.4byte	0x848
 1129 082f 07       		.uleb128 0x7
 1130 0830 B3010000 		.4byte	.LASF127
 1131 0834 0E       		.byte	0xe
 1132 0835 35       		.byte	0x35
 1133 0836 CC020000 		.4byte	0x2cc
 1134 083a 00       		.byte	0
 1135 083b 07       		.uleb128 0x7
 1136 083c 24040000 		.4byte	.LASF128
 1137 0840 0E       		.byte	0xe
 1138 0841 37       		.byte	0x37
 1139 0842 48010000 		.4byte	0x148
 1140 0846 08       		.byte	0x8
ARM GAS  C:\Users\ARNAUD~1\AppData\Local\Temp\cctaZKDT.s 			page 21


 1141 0847 00       		.byte	0
 1142 0848 0A       		.uleb128 0xa
 1143 0849 04       		.byte	0x4
 1144 084a 23080000 		.4byte	0x823
 1145 084e 06       		.uleb128 0x6
 1146 084f AA070000 		.4byte	.LASF129
 1147 0853 14       		.byte	0x14
 1148 0854 0F       		.byte	0xf
 1149 0855 39       		.byte	0x39
 1150 0856 8B080000 		.4byte	0x88b
 1151 085a 07       		.uleb128 0x7
 1152 085b 66010000 		.4byte	.LASF130
 1153 085f 0F       		.byte	0xf
 1154 0860 3A       		.byte	0x3a
 1155 0861 CC020000 		.4byte	0x2cc
 1156 0865 00       		.byte	0
 1157 0866 07       		.uleb128 0x7
 1158 0867 38080000 		.4byte	.LASF131
 1159 086b 0F       		.byte	0xf
 1160 086c 3C       		.byte	0x3c
 1161 086d A2020000 		.4byte	0x2a2
 1162 0871 08       		.byte	0x8
 1163 0872 07       		.uleb128 0x7
 1164 0873 49070000 		.4byte	.LASF132
 1165 0877 0F       		.byte	0xf
 1166 0878 3E       		.byte	0x3e
 1167 0879 E6090000 		.4byte	0x9e6
 1168 087d 0C       		.byte	0xc
 1169 087e 07       		.uleb128 0x7
 1170 087f 52020000 		.4byte	.LASF133
 1171 0883 0F       		.byte	0xf
 1172 0884 41       		.byte	0x41
 1173 0885 48010000 		.4byte	0x148
 1174 0889 10       		.byte	0x10
 1175 088a 00       		.byte	0
 1176 088b 0A       		.uleb128 0xa
 1177 088c 04       		.byte	0x4
 1178 088d 4E080000 		.4byte	0x84e
 1179 0891 0A       		.uleb128 0xa
 1180 0892 04       		.byte	0x4
 1181 0893 A3080000 		.4byte	0x8a3
 1182 0897 05       		.uleb128 0x5
 1183 0898 91080000 		.4byte	0x891
 1184 089c 02       		.uleb128 0x2
 1185 089d 01       		.byte	0x1
 1186 089e 08       		.byte	0x8
 1187 089f 24070000 		.4byte	.LASF134
 1188 08a3 1B       		.uleb128 0x1b
 1189 08a4 9C080000 		.4byte	0x89c
 1190 08a8 0A       		.uleb128 0xa
 1191 08a9 04       		.byte	0x4
 1192 08aa 10050000 		.4byte	0x510
 1193 08ae 0A       		.uleb128 0xa
 1194 08af 04       		.byte	0x4
 1195 08b0 81030000 		.4byte	0x381
 1196 08b4 17       		.uleb128 0x17
 1197 08b5 10050000 		.4byte	0x510
ARM GAS  C:\Users\ARNAUD~1\AppData\Local\Temp\cctaZKDT.s 			page 22


 1198 08b9 C4080000 		.4byte	0x8c4
 1199 08bd 18       		.uleb128 0x18
 1200 08be 9B000000 		.4byte	0x9b
 1201 08c2 30       		.byte	0x30
 1202 08c3 00       		.byte	0
 1203 08c4 1C       		.uleb128 0x1c
 1204 08c5 636800   		.ascii	"ch\000"
 1205 08c8 06       		.byte	0x6
 1206 08c9 0902     		.2byte	0x209
 1207 08cb 76040000 		.4byte	0x476
 1208 08cf 15       		.uleb128 0x15
 1209 08d0 16       		.byte	0x16
 1210 08d1 10       		.byte	0x10
 1211 08d2 34       		.byte	0x34
 1212 08d3 B0090000 		.4byte	0x9b0
 1213 08d7 07       		.uleb128 0x7
 1214 08d8 4A080000 		.4byte	.LASF135
 1215 08dc 10       		.byte	0x10
 1216 08dd 35       		.byte	0x35
 1217 08de B0090000 		.4byte	0x9b0
 1218 08e2 00       		.byte	0
 1219 08e3 07       		.uleb128 0x7
 1220 08e4 DE040000 		.4byte	.LASF136
 1221 08e8 10       		.byte	0x10
 1222 08e9 36       		.byte	0x36
 1223 08ea A2000000 		.4byte	0xa2
 1224 08ee 04       		.byte	0x4
 1225 08ef 07       		.uleb128 0x7
 1226 08f0 0A070000 		.4byte	.LASF137
 1227 08f4 10       		.byte	0x10
 1228 08f5 37       		.byte	0x37
 1229 08f6 A2000000 		.4byte	0xa2
 1230 08fa 05       		.byte	0x5
 1231 08fb 07       		.uleb128 0x7
 1232 08fc 22080000 		.4byte	.LASF138
 1233 0900 10       		.byte	0x10
 1234 0901 38       		.byte	0x38
 1235 0902 AD000000 		.4byte	0xad
 1236 0906 06       		.byte	0x6
 1237 0907 07       		.uleb128 0x7
 1238 0908 CE050000 		.4byte	.LASF139
 1239 090c 10       		.byte	0x10
 1240 090d 39       		.byte	0x39
 1241 090e A2000000 		.4byte	0xa2
 1242 0912 08       		.byte	0x8
 1243 0913 07       		.uleb128 0x7
 1244 0914 27050000 		.4byte	.LASF140
 1245 0918 10       		.byte	0x10
 1246 0919 3A       		.byte	0x3a
 1247 091a A2000000 		.4byte	0xa2
 1248 091e 09       		.byte	0x9
 1249 091f 07       		.uleb128 0x7
 1250 0920 BD000000 		.4byte	.LASF141
 1251 0924 10       		.byte	0x10
 1252 0925 3B       		.byte	0x3b
 1253 0926 A2000000 		.4byte	0xa2
 1254 092a 0A       		.byte	0xa
ARM GAS  C:\Users\ARNAUD~1\AppData\Local\Temp\cctaZKDT.s 			page 23


 1255 092b 07       		.uleb128 0x7
 1256 092c E6060000 		.4byte	.LASF142
 1257 0930 10       		.byte	0x10
 1258 0931 3C       		.byte	0x3c
 1259 0932 A2000000 		.4byte	0xa2
 1260 0936 0B       		.byte	0xb
 1261 0937 07       		.uleb128 0x7
 1262 0938 9F070000 		.4byte	.LASF143
 1263 093c 10       		.byte	0x10
 1264 093d 3D       		.byte	0x3d
 1265 093e A2000000 		.4byte	0xa2
 1266 0942 0C       		.byte	0xc
 1267 0943 07       		.uleb128 0x7
 1268 0944 A7060000 		.4byte	.LASF144
 1269 0948 10       		.byte	0x10
 1270 0949 3E       		.byte	0x3e
 1271 094a A2000000 		.4byte	0xa2
 1272 094e 0D       		.byte	0xd
 1273 094f 07       		.uleb128 0x7
 1274 0950 00000000 		.4byte	.LASF145
 1275 0954 10       		.byte	0x10
 1276 0955 3F       		.byte	0x3f
 1277 0956 A2000000 		.4byte	0xa2
 1278 095a 0E       		.byte	0xe
 1279 095b 07       		.uleb128 0x7
 1280 095c 49050000 		.4byte	.LASF146
 1281 0960 10       		.byte	0x10
 1282 0961 40       		.byte	0x40
 1283 0962 A2000000 		.4byte	0xa2
 1284 0966 0F       		.byte	0xf
 1285 0967 07       		.uleb128 0x7
 1286 0968 41010000 		.4byte	.LASF147
 1287 096c 10       		.byte	0x10
 1288 096d 41       		.byte	0x41
 1289 096e A2000000 		.4byte	0xa2
 1290 0972 10       		.byte	0x10
 1291 0973 07       		.uleb128 0x7
 1292 0974 12010000 		.4byte	.LASF148
 1293 0978 10       		.byte	0x10
 1294 0979 43       		.byte	0x43
 1295 097a A2000000 		.4byte	0xa2
 1296 097e 11       		.byte	0x11
 1297 097f 07       		.uleb128 0x7
 1298 0980 51010000 		.4byte	.LASF149
 1299 0984 10       		.byte	0x10
 1300 0985 44       		.byte	0x44
 1301 0986 A2000000 		.4byte	0xa2
 1302 098a 12       		.byte	0x12
 1303 098b 07       		.uleb128 0x7
 1304 098c E6040000 		.4byte	.LASF150
 1305 0990 10       		.byte	0x10
 1306 0991 45       		.byte	0x45
 1307 0992 A2000000 		.4byte	0xa2
 1308 0996 13       		.byte	0x13
 1309 0997 07       		.uleb128 0x7
 1310 0998 67060000 		.4byte	.LASF151
 1311 099c 10       		.byte	0x10
ARM GAS  C:\Users\ARNAUD~1\AppData\Local\Temp\cctaZKDT.s 			page 24


 1312 099d 46       		.byte	0x46
 1313 099e A2000000 		.4byte	0xa2
 1314 09a2 14       		.byte	0x14
 1315 09a3 07       		.uleb128 0x7
 1316 09a4 74040000 		.4byte	.LASF152
 1317 09a8 10       		.byte	0x10
 1318 09a9 48       		.byte	0x48
 1319 09aa A2000000 		.4byte	0xa2
 1320 09ae 15       		.byte	0x15
 1321 09af 00       		.byte	0
 1322 09b0 17       		.uleb128 0x17
 1323 09b1 9C080000 		.4byte	0x89c
 1324 09b5 C0090000 		.4byte	0x9c0
 1325 09b9 18       		.uleb128 0x18
 1326 09ba 9B000000 		.4byte	0x9b
 1327 09be 03       		.byte	0x3
 1328 09bf 00       		.byte	0
 1329 09c0 03       		.uleb128 0x3
 1330 09c1 A1010000 		.4byte	.LASF153
 1331 09c5 10       		.byte	0x10
 1332 09c6 49       		.byte	0x49
 1333 09c7 CF080000 		.4byte	0x8cf
 1334 09cb 1B       		.uleb128 0x1b
 1335 09cc C0090000 		.4byte	0x9c0
 1336 09d0 13       		.uleb128 0x13
 1337 09d1 15040000 		.4byte	.LASF154
 1338 09d5 10       		.byte	0x10
 1339 09d6 6E       		.byte	0x6e
 1340 09d7 CB090000 		.4byte	0x9cb
 1341 09db 03       		.uleb128 0x3
 1342 09dc 1F010000 		.4byte	.LASF155
 1343 09e0 0F       		.byte	0xf
 1344 09e1 34       		.byte	0x34
 1345 09e2 4E080000 		.4byte	0x84e
 1346 09e6 0A       		.uleb128 0xa
 1347 09e7 04       		.byte	0x4
 1348 09e8 DB090000 		.4byte	0x9db
 1349 09ec 17       		.uleb128 0x17
 1350 09ed 10050000 		.4byte	0x510
 1351 09f1 FC090000 		.4byte	0x9fc
 1352 09f5 18       		.uleb128 0x18
 1353 09f6 9B000000 		.4byte	0x9b
 1354 09fa 3E       		.byte	0x3e
 1355 09fb 00       		.byte	0
 1356 09fc 1D       		.uleb128 0x1d
 1357 09fd 33060000 		.4byte	.LASF159
 1358 0a01 01       		.byte	0x1
 1359 0a02 06       		.byte	0x6
 1360 0a03 EC090000 		.4byte	0x9ec
 1361 0a07 1E       		.uleb128 0x1e
 1362 0a08 D9070000 		.4byte	.LASF160
 1363 0a0c 01       		.byte	0x1
 1364 0a0d 1A       		.byte	0x1a
 1365 0a0e AD000000 		.4byte	0xad
 1366 0a12 1F       		.uleb128 0x1f
 1367 0a13 69050000 		.4byte	.LASF161
 1368 0a17 01       		.byte	0x1
ARM GAS  C:\Users\ARNAUD~1\AppData\Local\Temp\cctaZKDT.s 			page 25


 1369 0a18 16       		.byte	0x16
 1370 0a19 AD000000 		.4byte	0xad
 1371 0a1d 01       		.byte	0x1
 1372 0a1e 20       		.uleb128 0x20
 1373 0a1f 120A0000 		.4byte	0xa12
 1374 0a23 00000000 		.4byte	.LFB220
 1375 0a27 20000000 		.4byte	.LFE220-.LFB220
 1376 0a2b 01       		.uleb128 0x1
 1377 0a2c 9C       		.byte	0x9c
 1378 0a2d 3B0A0000 		.4byte	0xa3b
 1379 0a31 21       		.uleb128 0x21
 1380 0a32 1C000000 		.4byte	.LVL0
 1381 0a36 3B0A0000 		.4byte	0xa3b
 1382 0a3a 00       		.byte	0
 1383 0a3b 22       		.uleb128 0x22
 1384 0a3c B4060000 		.4byte	.LASF162
 1385 0a40 B4060000 		.4byte	.LASF162
 1386 0a44 00       		.byte	0
 1387              		.section	.debug_abbrev,"",%progbits
 1388              	.Ldebug_abbrev0:
 1389 0000 01       		.uleb128 0x1
 1390 0001 11       		.uleb128 0x11
 1391 0002 01       		.byte	0x1
 1392 0003 25       		.uleb128 0x25
 1393 0004 0E       		.uleb128 0xe
 1394 0005 13       		.uleb128 0x13
 1395 0006 0B       		.uleb128 0xb
 1396 0007 03       		.uleb128 0x3
 1397 0008 0E       		.uleb128 0xe
 1398 0009 1B       		.uleb128 0x1b
 1399 000a 0E       		.uleb128 0xe
 1400 000b 55       		.uleb128 0x55
 1401 000c 17       		.uleb128 0x17
 1402 000d 11       		.uleb128 0x11
 1403 000e 01       		.uleb128 0x1
 1404 000f 10       		.uleb128 0x10
 1405 0010 17       		.uleb128 0x17
 1406 0011 00       		.byte	0
 1407 0012 00       		.byte	0
 1408 0013 02       		.uleb128 0x2
 1409 0014 24       		.uleb128 0x24
 1410 0015 00       		.byte	0
 1411 0016 0B       		.uleb128 0xb
 1412 0017 0B       		.uleb128 0xb
 1413 0018 3E       		.uleb128 0x3e
 1414 0019 0B       		.uleb128 0xb
 1415 001a 03       		.uleb128 0x3
 1416 001b 0E       		.uleb128 0xe
 1417 001c 00       		.byte	0
 1418 001d 00       		.byte	0
 1419 001e 03       		.uleb128 0x3
 1420 001f 16       		.uleb128 0x16
 1421 0020 00       		.byte	0
 1422 0021 03       		.uleb128 0x3
 1423 0022 0E       		.uleb128 0xe
 1424 0023 3A       		.uleb128 0x3a
 1425 0024 0B       		.uleb128 0xb
ARM GAS  C:\Users\ARNAUD~1\AppData\Local\Temp\cctaZKDT.s 			page 26


 1426 0025 3B       		.uleb128 0x3b
 1427 0026 0B       		.uleb128 0xb
 1428 0027 49       		.uleb128 0x49
 1429 0028 13       		.uleb128 0x13
 1430 0029 00       		.byte	0
 1431 002a 00       		.byte	0
 1432 002b 04       		.uleb128 0x4
 1433 002c 24       		.uleb128 0x24
 1434 002d 00       		.byte	0
 1435 002e 0B       		.uleb128 0xb
 1436 002f 0B       		.uleb128 0xb
 1437 0030 3E       		.uleb128 0x3e
 1438 0031 0B       		.uleb128 0xb
 1439 0032 03       		.uleb128 0x3
 1440 0033 08       		.uleb128 0x8
 1441 0034 00       		.byte	0
 1442 0035 00       		.byte	0
 1443 0036 05       		.uleb128 0x5
 1444 0037 35       		.uleb128 0x35
 1445 0038 00       		.byte	0
 1446 0039 49       		.uleb128 0x49
 1447 003a 13       		.uleb128 0x13
 1448 003b 00       		.byte	0
 1449 003c 00       		.byte	0
 1450 003d 06       		.uleb128 0x6
 1451 003e 13       		.uleb128 0x13
 1452 003f 01       		.byte	0x1
 1453 0040 03       		.uleb128 0x3
 1454 0041 0E       		.uleb128 0xe
 1455 0042 0B       		.uleb128 0xb
 1456 0043 0B       		.uleb128 0xb
 1457 0044 3A       		.uleb128 0x3a
 1458 0045 0B       		.uleb128 0xb
 1459 0046 3B       		.uleb128 0x3b
 1460 0047 0B       		.uleb128 0xb
 1461 0048 01       		.uleb128 0x1
 1462 0049 13       		.uleb128 0x13
 1463 004a 00       		.byte	0
 1464 004b 00       		.byte	0
 1465 004c 07       		.uleb128 0x7
 1466 004d 0D       		.uleb128 0xd
 1467 004e 00       		.byte	0
 1468 004f 03       		.uleb128 0x3
 1469 0050 0E       		.uleb128 0xe
 1470 0051 3A       		.uleb128 0x3a
 1471 0052 0B       		.uleb128 0xb
 1472 0053 3B       		.uleb128 0x3b
 1473 0054 0B       		.uleb128 0xb
 1474 0055 49       		.uleb128 0x49
 1475 0056 13       		.uleb128 0x13
 1476 0057 38       		.uleb128 0x38
 1477 0058 0B       		.uleb128 0xb
 1478 0059 00       		.byte	0
 1479 005a 00       		.byte	0
 1480 005b 08       		.uleb128 0x8
 1481 005c 0D       		.uleb128 0xd
 1482 005d 00       		.byte	0
ARM GAS  C:\Users\ARNAUD~1\AppData\Local\Temp\cctaZKDT.s 			page 27


 1483 005e 03       		.uleb128 0x3
 1484 005f 08       		.uleb128 0x8
 1485 0060 3A       		.uleb128 0x3a
 1486 0061 0B       		.uleb128 0xb
 1487 0062 3B       		.uleb128 0x3b
 1488 0063 05       		.uleb128 0x5
 1489 0064 49       		.uleb128 0x49
 1490 0065 13       		.uleb128 0x13
 1491 0066 38       		.uleb128 0x38
 1492 0067 0B       		.uleb128 0xb
 1493 0068 00       		.byte	0
 1494 0069 00       		.byte	0
 1495 006a 09       		.uleb128 0x9
 1496 006b 0D       		.uleb128 0xd
 1497 006c 00       		.byte	0
 1498 006d 03       		.uleb128 0x3
 1499 006e 0E       		.uleb128 0xe
 1500 006f 3A       		.uleb128 0x3a
 1501 0070 0B       		.uleb128 0xb
 1502 0071 3B       		.uleb128 0x3b
 1503 0072 05       		.uleb128 0x5
 1504 0073 49       		.uleb128 0x49
 1505 0074 13       		.uleb128 0x13
 1506 0075 38       		.uleb128 0x38
 1507 0076 0B       		.uleb128 0xb
 1508 0077 00       		.byte	0
 1509 0078 00       		.byte	0
 1510 0079 0A       		.uleb128 0xa
 1511 007a 0F       		.uleb128 0xf
 1512 007b 00       		.byte	0
 1513 007c 0B       		.uleb128 0xb
 1514 007d 0B       		.uleb128 0xb
 1515 007e 49       		.uleb128 0x49
 1516 007f 13       		.uleb128 0x13
 1517 0080 00       		.byte	0
 1518 0081 00       		.byte	0
 1519 0082 0B       		.uleb128 0xb
 1520 0083 13       		.uleb128 0x13
 1521 0084 01       		.byte	0x1
 1522 0085 03       		.uleb128 0x3
 1523 0086 0E       		.uleb128 0xe
 1524 0087 0B       		.uleb128 0xb
 1525 0088 0B       		.uleb128 0xb
 1526 0089 3A       		.uleb128 0x3a
 1527 008a 0B       		.uleb128 0xb
 1528 008b 3B       		.uleb128 0x3b
 1529 008c 05       		.uleb128 0x5
 1530 008d 01       		.uleb128 0x1
 1531 008e 13       		.uleb128 0x13
 1532 008f 00       		.byte	0
 1533 0090 00       		.byte	0
 1534 0091 0C       		.uleb128 0xc
 1535 0092 15       		.uleb128 0x15
 1536 0093 01       		.byte	0x1
 1537 0094 27       		.uleb128 0x27
 1538 0095 19       		.uleb128 0x19
 1539 0096 01       		.uleb128 0x1
ARM GAS  C:\Users\ARNAUD~1\AppData\Local\Temp\cctaZKDT.s 			page 28


 1540 0097 13       		.uleb128 0x13
 1541 0098 00       		.byte	0
 1542 0099 00       		.byte	0
 1543 009a 0D       		.uleb128 0xd
 1544 009b 05       		.uleb128 0x5
 1545 009c 00       		.byte	0
 1546 009d 49       		.uleb128 0x49
 1547 009e 13       		.uleb128 0x13
 1548 009f 00       		.byte	0
 1549 00a0 00       		.byte	0
 1550 00a1 0E       		.uleb128 0xe
 1551 00a2 0F       		.uleb128 0xf
 1552 00a3 00       		.byte	0
 1553 00a4 0B       		.uleb128 0xb
 1554 00a5 0B       		.uleb128 0xb
 1555 00a6 00       		.byte	0
 1556 00a7 00       		.byte	0
 1557 00a8 0F       		.uleb128 0xf
 1558 00a9 13       		.uleb128 0x13
 1559 00aa 01       		.byte	0x1
 1560 00ab 03       		.uleb128 0x3
 1561 00ac 0E       		.uleb128 0xe
 1562 00ad 0B       		.uleb128 0xb
 1563 00ae 05       		.uleb128 0x5
 1564 00af 3A       		.uleb128 0x3a
 1565 00b0 0B       		.uleb128 0xb
 1566 00b1 3B       		.uleb128 0x3b
 1567 00b2 05       		.uleb128 0x5
 1568 00b3 01       		.uleb128 0x1
 1569 00b4 13       		.uleb128 0x13
 1570 00b5 00       		.byte	0
 1571 00b6 00       		.byte	0
 1572 00b7 10       		.uleb128 0x10
 1573 00b8 0D       		.uleb128 0xd
 1574 00b9 00       		.byte	0
 1575 00ba 03       		.uleb128 0x3
 1576 00bb 0E       		.uleb128 0xe
 1577 00bc 3A       		.uleb128 0x3a
 1578 00bd 0B       		.uleb128 0xb
 1579 00be 3B       		.uleb128 0x3b
 1580 00bf 05       		.uleb128 0x5
 1581 00c0 49       		.uleb128 0x49
 1582 00c1 13       		.uleb128 0x13
 1583 00c2 38       		.uleb128 0x38
 1584 00c3 05       		.uleb128 0x5
 1585 00c4 00       		.byte	0
 1586 00c5 00       		.byte	0
 1587 00c6 11       		.uleb128 0x11
 1588 00c7 0D       		.uleb128 0xd
 1589 00c8 00       		.byte	0
 1590 00c9 03       		.uleb128 0x3
 1591 00ca 08       		.uleb128 0x8
 1592 00cb 3A       		.uleb128 0x3a
 1593 00cc 0B       		.uleb128 0xb
 1594 00cd 3B       		.uleb128 0x3b
 1595 00ce 05       		.uleb128 0x5
 1596 00cf 49       		.uleb128 0x49
ARM GAS  C:\Users\ARNAUD~1\AppData\Local\Temp\cctaZKDT.s 			page 29


 1597 00d0 13       		.uleb128 0x13
 1598 00d1 38       		.uleb128 0x38
 1599 00d2 05       		.uleb128 0x5
 1600 00d3 00       		.byte	0
 1601 00d4 00       		.byte	0
 1602 00d5 12       		.uleb128 0x12
 1603 00d6 34       		.uleb128 0x34
 1604 00d7 00       		.byte	0
 1605 00d8 03       		.uleb128 0x3
 1606 00d9 0E       		.uleb128 0xe
 1607 00da 3A       		.uleb128 0x3a
 1608 00db 0B       		.uleb128 0xb
 1609 00dc 3B       		.uleb128 0x3b
 1610 00dd 05       		.uleb128 0x5
 1611 00de 49       		.uleb128 0x49
 1612 00df 13       		.uleb128 0x13
 1613 00e0 3F       		.uleb128 0x3f
 1614 00e1 19       		.uleb128 0x19
 1615 00e2 3C       		.uleb128 0x3c
 1616 00e3 19       		.uleb128 0x19
 1617 00e4 00       		.byte	0
 1618 00e5 00       		.byte	0
 1619 00e6 13       		.uleb128 0x13
 1620 00e7 34       		.uleb128 0x34
 1621 00e8 00       		.byte	0
 1622 00e9 03       		.uleb128 0x3
 1623 00ea 0E       		.uleb128 0xe
 1624 00eb 3A       		.uleb128 0x3a
 1625 00ec 0B       		.uleb128 0xb
 1626 00ed 3B       		.uleb128 0x3b
 1627 00ee 0B       		.uleb128 0xb
 1628 00ef 49       		.uleb128 0x49
 1629 00f0 13       		.uleb128 0x13
 1630 00f1 3F       		.uleb128 0x3f
 1631 00f2 19       		.uleb128 0x19
 1632 00f3 3C       		.uleb128 0x3c
 1633 00f4 19       		.uleb128 0x19
 1634 00f5 00       		.byte	0
 1635 00f6 00       		.byte	0
 1636 00f7 14       		.uleb128 0x14
 1637 00f8 0D       		.uleb128 0xd
 1638 00f9 00       		.byte	0
 1639 00fa 03       		.uleb128 0x3
 1640 00fb 08       		.uleb128 0x8
 1641 00fc 3A       		.uleb128 0x3a
 1642 00fd 0B       		.uleb128 0xb
 1643 00fe 3B       		.uleb128 0x3b
 1644 00ff 0B       		.uleb128 0xb
 1645 0100 49       		.uleb128 0x49
 1646 0101 13       		.uleb128 0x13
 1647 0102 38       		.uleb128 0x38
 1648 0103 0B       		.uleb128 0xb
 1649 0104 00       		.byte	0
 1650 0105 00       		.byte	0
 1651 0106 15       		.uleb128 0x15
 1652 0107 13       		.uleb128 0x13
 1653 0108 01       		.byte	0x1
ARM GAS  C:\Users\ARNAUD~1\AppData\Local\Temp\cctaZKDT.s 			page 30


 1654 0109 0B       		.uleb128 0xb
 1655 010a 0B       		.uleb128 0xb
 1656 010b 3A       		.uleb128 0x3a
 1657 010c 0B       		.uleb128 0xb
 1658 010d 3B       		.uleb128 0x3b
 1659 010e 0B       		.uleb128 0xb
 1660 010f 01       		.uleb128 0x1
 1661 0110 13       		.uleb128 0x13
 1662 0111 00       		.byte	0
 1663 0112 00       		.byte	0
 1664 0113 16       		.uleb128 0x16
 1665 0114 13       		.uleb128 0x13
 1666 0115 01       		.byte	0x1
 1667 0116 0B       		.uleb128 0xb
 1668 0117 05       		.uleb128 0x5
 1669 0118 3A       		.uleb128 0x3a
 1670 0119 0B       		.uleb128 0xb
 1671 011a 3B       		.uleb128 0x3b
 1672 011b 0B       		.uleb128 0xb
 1673 011c 01       		.uleb128 0x1
 1674 011d 13       		.uleb128 0x13
 1675 011e 00       		.byte	0
 1676 011f 00       		.byte	0
 1677 0120 17       		.uleb128 0x17
 1678 0121 01       		.uleb128 0x1
 1679 0122 01       		.byte	0x1
 1680 0123 49       		.uleb128 0x49
 1681 0124 13       		.uleb128 0x13
 1682 0125 01       		.uleb128 0x1
 1683 0126 13       		.uleb128 0x13
 1684 0127 00       		.byte	0
 1685 0128 00       		.byte	0
 1686 0129 18       		.uleb128 0x18
 1687 012a 21       		.uleb128 0x21
 1688 012b 00       		.byte	0
 1689 012c 49       		.uleb128 0x49
 1690 012d 13       		.uleb128 0x13
 1691 012e 2F       		.uleb128 0x2f
 1692 012f 0B       		.uleb128 0xb
 1693 0130 00       		.byte	0
 1694 0131 00       		.byte	0
 1695 0132 19       		.uleb128 0x19
 1696 0133 17       		.uleb128 0x17
 1697 0134 01       		.byte	0x1
 1698 0135 0B       		.uleb128 0xb
 1699 0136 0B       		.uleb128 0xb
 1700 0137 3A       		.uleb128 0x3a
 1701 0138 0B       		.uleb128 0xb
 1702 0139 3B       		.uleb128 0x3b
 1703 013a 0B       		.uleb128 0xb
 1704 013b 01       		.uleb128 0x1
 1705 013c 13       		.uleb128 0x13
 1706 013d 00       		.byte	0
 1707 013e 00       		.byte	0
 1708 013f 1A       		.uleb128 0x1a
 1709 0140 0D       		.uleb128 0xd
 1710 0141 00       		.byte	0
ARM GAS  C:\Users\ARNAUD~1\AppData\Local\Temp\cctaZKDT.s 			page 31


 1711 0142 03       		.uleb128 0x3
 1712 0143 0E       		.uleb128 0xe
 1713 0144 3A       		.uleb128 0x3a
 1714 0145 0B       		.uleb128 0xb
 1715 0146 3B       		.uleb128 0x3b
 1716 0147 05       		.uleb128 0x5
 1717 0148 49       		.uleb128 0x49
 1718 0149 13       		.uleb128 0x13
 1719 014a 00       		.byte	0
 1720 014b 00       		.byte	0
 1721 014c 1B       		.uleb128 0x1b
 1722 014d 26       		.uleb128 0x26
 1723 014e 00       		.byte	0
 1724 014f 49       		.uleb128 0x49
 1725 0150 13       		.uleb128 0x13
 1726 0151 00       		.byte	0
 1727 0152 00       		.byte	0
 1728 0153 1C       		.uleb128 0x1c
 1729 0154 34       		.uleb128 0x34
 1730 0155 00       		.byte	0
 1731 0156 03       		.uleb128 0x3
 1732 0157 08       		.uleb128 0x8
 1733 0158 3A       		.uleb128 0x3a
 1734 0159 0B       		.uleb128 0xb
 1735 015a 3B       		.uleb128 0x3b
 1736 015b 05       		.uleb128 0x5
 1737 015c 49       		.uleb128 0x49
 1738 015d 13       		.uleb128 0x13
 1739 015e 3F       		.uleb128 0x3f
 1740 015f 19       		.uleb128 0x19
 1741 0160 3C       		.uleb128 0x3c
 1742 0161 19       		.uleb128 0x19
 1743 0162 00       		.byte	0
 1744 0163 00       		.byte	0
 1745 0164 1D       		.uleb128 0x1d
 1746 0165 34       		.uleb128 0x34
 1747 0166 00       		.byte	0
 1748 0167 03       		.uleb128 0x3
 1749 0168 0E       		.uleb128 0xe
 1750 0169 3A       		.uleb128 0x3a
 1751 016a 0B       		.uleb128 0xb
 1752 016b 3B       		.uleb128 0x3b
 1753 016c 0B       		.uleb128 0xb
 1754 016d 49       		.uleb128 0x49
 1755 016e 13       		.uleb128 0x13
 1756 016f 00       		.byte	0
 1757 0170 00       		.byte	0
 1758 0171 1E       		.uleb128 0x1e
 1759 0172 2E       		.uleb128 0x2e
 1760 0173 00       		.byte	0
 1761 0174 3F       		.uleb128 0x3f
 1762 0175 19       		.uleb128 0x19
 1763 0176 03       		.uleb128 0x3
 1764 0177 0E       		.uleb128 0xe
 1765 0178 3A       		.uleb128 0x3a
 1766 0179 0B       		.uleb128 0xb
 1767 017a 3B       		.uleb128 0x3b
ARM GAS  C:\Users\ARNAUD~1\AppData\Local\Temp\cctaZKDT.s 			page 32


 1768 017b 0B       		.uleb128 0xb
 1769 017c 49       		.uleb128 0x49
 1770 017d 13       		.uleb128 0x13
 1771 017e 00       		.byte	0
 1772 017f 00       		.byte	0
 1773 0180 1F       		.uleb128 0x1f
 1774 0181 2E       		.uleb128 0x2e
 1775 0182 00       		.byte	0
 1776 0183 3F       		.uleb128 0x3f
 1777 0184 19       		.uleb128 0x19
 1778 0185 03       		.uleb128 0x3
 1779 0186 0E       		.uleb128 0xe
 1780 0187 3A       		.uleb128 0x3a
 1781 0188 0B       		.uleb128 0xb
 1782 0189 3B       		.uleb128 0x3b
 1783 018a 0B       		.uleb128 0xb
 1784 018b 49       		.uleb128 0x49
 1785 018c 13       		.uleb128 0x13
 1786 018d 20       		.uleb128 0x20
 1787 018e 0B       		.uleb128 0xb
 1788 018f 00       		.byte	0
 1789 0190 00       		.byte	0
 1790 0191 20       		.uleb128 0x20
 1791 0192 2E       		.uleb128 0x2e
 1792 0193 01       		.byte	0x1
 1793 0194 31       		.uleb128 0x31
 1794 0195 13       		.uleb128 0x13
 1795 0196 11       		.uleb128 0x11
 1796 0197 01       		.uleb128 0x1
 1797 0198 12       		.uleb128 0x12
 1798 0199 06       		.uleb128 0x6
 1799 019a 40       		.uleb128 0x40
 1800 019b 18       		.uleb128 0x18
 1801 019c 9742     		.uleb128 0x2117
 1802 019e 19       		.uleb128 0x19
 1803 019f 01       		.uleb128 0x1
 1804 01a0 13       		.uleb128 0x13
 1805 01a1 00       		.byte	0
 1806 01a2 00       		.byte	0
 1807 01a3 21       		.uleb128 0x21
 1808 01a4 898201   		.uleb128 0x4109
 1809 01a7 00       		.byte	0
 1810 01a8 11       		.uleb128 0x11
 1811 01a9 01       		.uleb128 0x1
 1812 01aa 31       		.uleb128 0x31
 1813 01ab 13       		.uleb128 0x13
 1814 01ac 00       		.byte	0
 1815 01ad 00       		.byte	0
 1816 01ae 22       		.uleb128 0x22
 1817 01af 2E       		.uleb128 0x2e
 1818 01b0 00       		.byte	0
 1819 01b1 3F       		.uleb128 0x3f
 1820 01b2 19       		.uleb128 0x19
 1821 01b3 3C       		.uleb128 0x3c
 1822 01b4 19       		.uleb128 0x19
 1823 01b5 6E       		.uleb128 0x6e
 1824 01b6 0E       		.uleb128 0xe
ARM GAS  C:\Users\ARNAUD~1\AppData\Local\Temp\cctaZKDT.s 			page 33


 1825 01b7 03       		.uleb128 0x3
 1826 01b8 0E       		.uleb128 0xe
 1827 01b9 00       		.byte	0
 1828 01ba 00       		.byte	0
 1829 01bb 00       		.byte	0
 1830              		.section	.debug_aranges,"",%progbits
 1831 0000 1C000000 		.4byte	0x1c
 1832 0004 0200     		.2byte	0x2
 1833 0006 00000000 		.4byte	.Ldebug_info0
 1834 000a 04       		.byte	0x4
 1835 000b 00       		.byte	0
 1836 000c 0000     		.2byte	0
 1837 000e 0000     		.2byte	0
 1838 0010 00000000 		.4byte	.LFB220
 1839 0014 20000000 		.4byte	.LFE220-.LFB220
 1840 0018 00000000 		.4byte	0
 1841 001c 00000000 		.4byte	0
 1842              		.section	.debug_ranges,"",%progbits
 1843              	.Ldebug_ranges0:
 1844 0000 00000000 		.4byte	.LFB220
 1845 0004 20000000 		.4byte	.LFE220
 1846 0008 00000000 		.4byte	0
 1847 000c 00000000 		.4byte	0
 1848              		.section	.debug_line,"",%progbits
 1849              	.Ldebug_line0:
 1850 0000 5F030000 		.section	.debug_str,"MS",%progbits,1
 1850      02004803 
 1850      00000201 
 1850      FB0E0D00 
 1850      01010101 
 1851              	.LASF145:
 1852 0000 63665F6F 		.ascii	"cf_off_older\000"
 1852      66665F6F 
 1852      6C646572 
 1852      00
 1853              	.LASF60:
 1854 000d 72656164 		.ascii	"ready_list_t\000"
 1854      795F6C69 
 1854      73745F74 
 1854      00
 1855              	.LASF98:
 1856 001a 73655F74 		.ascii	"se_time\000"
 1856      696D6500 
 1857              	.LASF122:
 1858 0022 77747472 		.ascii	"wttrp\000"
 1858      7000
 1859              	.LASF119:
 1860 0028 7264796D 		.ascii	"rdymsg\000"
 1860      736700
 1861              	.LASF18:
 1862 002f 75696E74 		.ascii	"uint64_t\000"
 1862      36345F74 
 1862      00
 1863              	.LASF90:
 1864 0038 6B65726E 		.ascii	"kernel_stats\000"
 1864      656C5F73 
 1864      74617473 
ARM GAS  C:\Users\ARNAUD~1\AppData\Local\Temp\cctaZKDT.s 			page 34


 1864      00
 1865              	.LASF3:
 1866 0045 5F5F7569 		.ascii	"__uint8_t\000"
 1866      6E74385F 
 1866      7400
 1867              	.LASF97:
 1868 004f 706F7274 		.ascii	"port_intctx\000"
 1868      5F696E74 
 1868      63747800 
 1869              	.LASF59:
 1870 005b 63685F74 		.ascii	"ch_threads_queue\000"
 1870      68726561 
 1870      64735F71 
 1870      75657565 
 1870      00
 1871              	.LASF79:
 1872 006c 73797374 		.ascii	"system_debug_t\000"
 1872      656D5F64 
 1872      65627567 
 1872      5F7400
 1873              	.LASF110:
 1874 007b 776F7273 		.ascii	"worst\000"
 1874      7400
 1875              	.LASF113:
 1876 0081 74696D65 		.ascii	"time_measurement_t\000"
 1876      5F6D6561 
 1876      73757265 
 1876      6D656E74 
 1876      5F7400
 1877              	.LASF12:
 1878 0094 6C6F6E67 		.ascii	"long long unsigned int\000"
 1878      206C6F6E 
 1878      6720756E 
 1878      7369676E 
 1878      65642069 
 1879              	.LASF106:
 1880 00ab 63685F74 		.ascii	"ch_trace_buffer_t\000"
 1880      72616365 
 1880      5F627566 
 1880      6665725F 
 1880      7400
 1881              	.LASF141:
 1882 00bd 63685F74 		.ascii	"ch_threadsize\000"
 1882      68726561 
 1882      6473697A 
 1882      6500
 1883              	.LASF120:
 1884 00cb 65786974 		.ascii	"exitcode\000"
 1884      636F6465 
 1884      00
 1885              	.LASF89:
 1886 00d4 6D61696E 		.ascii	"mainthread\000"
 1886      74687265 
 1886      616400
 1887              	.LASF76:
 1888 00df 76697274 		.ascii	"virtual_timers_list_t\000"
 1888      75616C5F 
ARM GAS  C:\Users\ARNAUD~1\AppData\Local\Temp\cctaZKDT.s 			page 35


 1888      74696D65 
 1888      72735F6C 
 1888      6973745F 
 1889              	.LASF92:
 1890 00f5 49544D5F 		.ascii	"ITM_RxBuffer\000"
 1890      52784275 
 1890      66666572 
 1890      00
 1891              	.LASF21:
 1892 0102 72747469 		.ascii	"rttime_t\000"
 1892      6D655F74 
 1892      00
 1893              	.LASF35:
 1894 010b 705F7072 		.ascii	"p_prio\000"
 1894      696F00
 1895              	.LASF148:
 1896 0112 63665F6F 		.ascii	"cf_off_state\000"
 1896      66665F73 
 1896      74617465 
 1896      00
 1897              	.LASF155:
 1898 011f 6D757465 		.ascii	"mutex_t\000"
 1898      785F7400 
 1899              	.LASF10:
 1900 0127 6C6F6E67 		.ascii	"long long int\000"
 1900      206C6F6E 
 1900      6720696E 
 1900      7400
 1901              	.LASF0:
 1902 0135 7369676E 		.ascii	"signed char\000"
 1902      65642063 
 1902      68617200 
 1903              	.LASF147:
 1904 0141 63665F6F 		.ascii	"cf_off_stklimit\000"
 1904      66665F73 
 1904      746B6C69 
 1904      6D697400 
 1905              	.LASF149:
 1906 0151 63665F6F 		.ascii	"cf_off_flags\000"
 1906      66665F66 
 1906      6C616773 
 1906      00
 1907              	.LASF52:
 1908 015e 705F6D70 		.ascii	"p_mpool\000"
 1908      6F6F6C00 
 1909              	.LASF130:
 1910 0166 6D5F7175 		.ascii	"m_queue\000"
 1910      65756500 
 1911              	.LASF88:
 1912 016e 76746C69 		.ascii	"vtlist\000"
 1912      737400
 1913              	.LASF25:
 1914 0175 74736C69 		.ascii	"tslices_t\000"
 1914      6365735F 
 1914      7400
 1915              	.LASF86:
 1916 017f 63685F73 		.ascii	"ch_system\000"
ARM GAS  C:\Users\ARNAUD~1\AppData\Local\Temp\cctaZKDT.s 			page 36


 1916      79737465 
 1916      6D00
 1917              	.LASF7:
 1918 0189 6C6F6E67 		.ascii	"long int\000"
 1918      20696E74 
 1918      00
 1919              	.LASF23:
 1920 0192 74737461 		.ascii	"tstate_t\000"
 1920      74655F74 
 1920      00
 1921              	.LASF99:
 1922 019b 73655F74 		.ascii	"se_tp\000"
 1922      7000
 1923              	.LASF153:
 1924 01a1 63686465 		.ascii	"chdebug_t\000"
 1924      6275675F 
 1924      7400
 1925              	.LASF37:
 1926 01ab 705F6E65 		.ascii	"p_newer\000"
 1926      77657200 
 1927              	.LASF127:
 1928 01b3 735F7175 		.ascii	"s_queue\000"
 1928      65756500 
 1929              	.LASF158:
 1930 01bb 433A5C55 		.ascii	"C:\\Users\\arnaud wist\\projet\\robotique_mondada\\"
 1930      73657273 
 1930      5C61726E 
 1930      61756420 
 1930      77697374 
 1931 01e9 70726F6A 		.ascii	"projet\\robotics_project\\project_robot_dance\\robo"
 1931      65745C72 
 1931      6F626F74 
 1931      6963735F 
 1931      70726F6A 
 1932 0219 745F6461 		.ascii	"t_dance\000"
 1932      6E636500 
 1933              	.LASF103:
 1934 0221 74625F73 		.ascii	"tb_size\000"
 1934      697A6500 
 1935              	.LASF65:
 1936 0229 725F6E65 		.ascii	"r_newer\000"
 1936      77657200 
 1937              	.LASF94:
 1938 0231 72656761 		.ascii	"regarm_t\000"
 1938      726D5F74 
 1938      00
 1939              	.LASF72:
 1940 023a 76745F70 		.ascii	"vt_prev\000"
 1940      72657600 
 1941              	.LASF80:
 1942 0242 63685F73 		.ascii	"ch_system_debug\000"
 1942      79737465 
 1942      6D5F6465 
 1942      62756700 
 1943              	.LASF133:
 1944 0252 6D5F636E 		.ascii	"m_cnt\000"
 1944      7400
ARM GAS  C:\Users\ARNAUD~1\AppData\Local\Temp\cctaZKDT.s 			page 37


 1945              	.LASF71:
 1946 0258 76745F6E 		.ascii	"vt_next\000"
 1946      65787400 
 1947              	.LASF83:
 1948 0260 6C6F636B 		.ascii	"lock_cnt\000"
 1948      5F636E74 
 1948      00
 1949              	.LASF91:
 1950 0269 69646C65 		.ascii	"idle_thread_wa\000"
 1950      5F746872 
 1950      6561645F 
 1950      776100
 1951              	.LASF29:
 1952 0278 636E745F 		.ascii	"cnt_t\000"
 1952      7400
 1953              	.LASF40:
 1954 027e 705F7374 		.ascii	"p_stklimit\000"
 1954      6B6C696D 
 1954      697400
 1955              	.LASF13:
 1956 0289 756E7369 		.ascii	"unsigned int\000"
 1956      676E6564 
 1956      20696E74 
 1956      00
 1957              	.LASF156:
 1958 0296 474E5520 		.ascii	"GNU C11 7.2.1 20170904 (release) [ARM/embedded-7-br"
 1958      43313120 
 1958      372E322E 
 1958      31203230 
 1958      31373039 
 1959 02c9 616E6368 		.ascii	"anch revision 255204] -mcpu=cortex-m4 -mfloat-abi=h"
 1959      20726576 
 1959      6973696F 
 1959      6E203235 
 1959      35323034 
 1960 02fc 61726420 		.ascii	"ard -mfpu=fpv4-sp-d16 -mno-thumb-interwork -mthumb "
 1960      2D6D6670 
 1960      753D6670 
 1960      76342D73 
 1960      702D6431 
 1961 032f 2D676764 		.ascii	"-ggdb -O2 -fomit-frame-pointer -falign-functions=16"
 1961      62202D4F 
 1961      32202D66 
 1961      6F6D6974 
 1961      2D667261 
 1962 0362 202D666E 		.ascii	" -fno-strict-aliasing -fstack-protector-all -ffunct"
 1962      6F2D7374 
 1962      72696374 
 1962      2D616C69 
 1962      6173696E 
 1963 0395 696F6E2D 		.ascii	"ion-sections -fdata-sections -fno-common -fsingle-p"
 1963      73656374 
 1963      696F6E73 
 1963      202D6664 
 1963      6174612D 
 1964 03c8 72656369 		.ascii	"recision-constant\000"
 1964      73696F6E 
ARM GAS  C:\Users\ARNAUD~1\AppData\Local\Temp\cctaZKDT.s 			page 38


 1964      2D636F6E 
 1964      7374616E 
 1964      7400
 1965              	.LASF15:
 1966 03da 75696E74 		.ascii	"uint16_t\000"
 1966      31365F74 
 1966      00
 1967              	.LASF93:
 1968 03e3 53797374 		.ascii	"SystemCoreClock\000"
 1968      656D436F 
 1968      7265436C 
 1968      6F636B00 
 1969              	.LASF45:
 1970 03f3 705F7469 		.ascii	"p_time\000"
 1970      6D6500
 1971              	.LASF123:
 1972 03fa 77747365 		.ascii	"wtsemp\000"
 1972      6D7000
 1973              	.LASF73:
 1974 0401 76745F64 		.ascii	"vt_delta\000"
 1974      656C7461 
 1974      00
 1975              	.LASF47:
 1976 040a 705F6D73 		.ascii	"p_msgqueue\000"
 1976      67717565 
 1976      756500
 1977              	.LASF154:
 1978 0415 63685F64 		.ascii	"ch_debug\000"
 1978      65627567 
 1978      00
 1979              	.LASF114:
 1980 041e 6E5F6972 		.ascii	"n_irq\000"
 1980      7100
 1981              	.LASF128:
 1982 0424 735F636E 		.ascii	"s_cnt\000"
 1982      7400
 1983              	.LASF5:
 1984 042a 73686F72 		.ascii	"short unsigned int\000"
 1984      7420756E 
 1984      7369676E 
 1984      65642069 
 1984      6E7400
 1985              	.LASF118:
 1986 043d 6B65726E 		.ascii	"kernel_stats_t\000"
 1986      656C5F73 
 1986      74617473 
 1986      5F7400
 1987              	.LASF56:
 1988 044c 63685F74 		.ascii	"ch_thread\000"
 1988      68726561 
 1988      6400
 1989              	.LASF27:
 1990 0456 6D73675F 		.ascii	"msg_t\000"
 1990      7400
 1991              	.LASF111:
 1992 045c 6C617374 		.ascii	"last\000"
 1992      00
ARM GAS  C:\Users\ARNAUD~1\AppData\Local\Temp\cctaZKDT.s 			page 39


 1993              	.LASF30:
 1994 0461 75636E74 		.ascii	"ucnt_t\000"
 1994      5F7400
 1995              	.LASF85:
 1996 0468 63685F73 		.ascii	"ch_system_t\000"
 1996      79737465 
 1996      6D5F7400 
 1997              	.LASF152:
 1998 0474 63665F6F 		.ascii	"cf_off_time\000"
 1998      66665F74 
 1998      696D6500 
 1999              	.LASF117:
 2000 0480 6D5F6372 		.ascii	"m_crit_isr\000"
 2000      69745F69 
 2000      737200
 2001              	.LASF61:
 2002 048b 63685F72 		.ascii	"ch_ready_list\000"
 2002      65616479 
 2002      5F6C6973 
 2002      7400
 2003              	.LASF28:
 2004 0499 6576656E 		.ascii	"eventmask_t\000"
 2004      746D6173 
 2004      6B5F7400 
 2005              	.LASF6:
 2006 04a5 5F5F696E 		.ascii	"__int32_t\000"
 2006      7433325F 
 2006      7400
 2007              	.LASF157:
 2008 04af 7369676E 		.ascii	"signals_processing.c\000"
 2008      616C735F 
 2008      70726F63 
 2008      65737369 
 2008      6E672E63 
 2009              	.LASF95:
 2010 04c4 73746B61 		.ascii	"stkalign_t\000"
 2010      6C69676E 
 2010      5F7400
 2011              	.LASF55:
 2012 04cf 74687265 		.ascii	"threads_list_t\000"
 2012      6164735F 
 2012      6C697374 
 2012      5F7400
 2013              	.LASF136:
 2014 04de 63685F7A 		.ascii	"ch_zero\000"
 2014      65726F00 
 2015              	.LASF150:
 2016 04e6 63665F6F 		.ascii	"cf_off_refs\000"
 2016      66665F72 
 2016      65667300 
 2017              	.LASF46:
 2018 04f2 705F7761 		.ascii	"p_waiting\000"
 2018      6974696E 
 2018      6700
 2019              	.LASF20:
 2020 04fc 7274636E 		.ascii	"rtcnt_t\000"
 2020      745F7400 
ARM GAS  C:\Users\ARNAUD~1\AppData\Local\Temp\cctaZKDT.s 			page 40


 2021              	.LASF77:
 2022 0504 63685F76 		.ascii	"ch_virtual_timers_list\000"
 2022      69727475 
 2022      616C5F74 
 2022      696D6572 
 2022      735F6C69 
 2023              	.LASF19:
 2024 051b 6C6F6E67 		.ascii	"long double\000"
 2024      20646F75 
 2024      626C6500 
 2025              	.LASF140:
 2026 0527 63685F74 		.ascii	"ch_timesize\000"
 2026      696D6573 
 2026      697A6500 
 2027              	.LASF104:
 2028 0533 74625F70 		.ascii	"tb_ptr\000"
 2028      747200
 2029              	.LASF102:
 2030 053a 63685F73 		.ascii	"ch_swc_event_t\000"
 2030      77635F65 
 2030      76656E74 
 2030      5F7400
 2031              	.LASF146:
 2032 0549 63665F6F 		.ascii	"cf_off_name\000"
 2032      66665F6E 
 2032      616D6500 
 2033              	.LASF38:
 2034 0555 705F6F6C 		.ascii	"p_older\000"
 2034      64657200 
 2035              	.LASF64:
 2036 055d 725F6374 		.ascii	"r_ctx\000"
 2036      7800
 2037              	.LASF36:
 2038 0563 705F6374 		.ascii	"p_ctx\000"
 2038      7800
 2039              	.LASF161:
 2040 0569 6765745F 		.ascii	"get_music_tempo\000"
 2040      6D757369 
 2040      635F7465 
 2040      6D706F00 
 2041              	.LASF108:
 2042 0579 746D5F63 		.ascii	"tm_calibration_t\000"
 2042      616C6962 
 2042      72617469 
 2042      6F6E5F74 
 2042      00
 2043              	.LASF67:
 2044 058a 725F6375 		.ascii	"r_current\000"
 2044      7272656E 
 2044      7400
 2045              	.LASF66:
 2046 0594 725F6F6C 		.ascii	"r_older\000"
 2046      64657200 
 2047              	.LASF44:
 2048 059c 705F7072 		.ascii	"p_preempt\000"
 2048      65656D70 
 2048      7400
ARM GAS  C:\Users\ARNAUD~1\AppData\Local\Temp\cctaZKDT.s 			page 41


 2049              	.LASF11:
 2050 05a6 5F5F7569 		.ascii	"__uint64_t\000"
 2050      6E743634 
 2050      5F7400
 2051              	.LASF112:
 2052 05b1 63756D75 		.ascii	"cumulative\000"
 2052      6C617469 
 2052      766500
 2053              	.LASF24:
 2054 05bc 74726566 		.ascii	"trefs_t\000"
 2054      735F7400 
 2055              	.LASF105:
 2056 05c4 74625F62 		.ascii	"tb_buffer\000"
 2056      75666665 
 2056      7200
 2057              	.LASF139:
 2058 05ce 63685F70 		.ascii	"ch_ptrsize\000"
 2058      74727369 
 2058      7A6500
 2059              	.LASF69:
 2060 05d9 76697274 		.ascii	"virtual_timer_t\000"
 2060      75616C5F 
 2060      74696D65 
 2060      725F7400 
 2061              	.LASF34:
 2062 05e9 705F7072 		.ascii	"p_prev\000"
 2062      657600
 2063              	.LASF26:
 2064 05f0 74707269 		.ascii	"tprio_t\000"
 2064      6F5F7400 
 2065              	.LASF115:
 2066 05f8 6E5F6374 		.ascii	"n_ctxswc\000"
 2066      78737763 
 2066      00
 2067              	.LASF16:
 2068 0601 696E7433 		.ascii	"int32_t\000"
 2068      325F7400 
 2069              	.LASF1:
 2070 0609 756E7369 		.ascii	"unsigned char\000"
 2070      676E6564 
 2070      20636861 
 2070      7200
 2071              	.LASF50:
 2072 0617 705F6D74 		.ascii	"p_mtxlist\000"
 2072      786C6973 
 2072      7400
 2073              	.LASF2:
 2074 0621 73686F72 		.ascii	"short int\000"
 2074      7420696E 
 2074      7400
 2075              	.LASF41:
 2076 062b 705F7374 		.ascii	"p_state\000"
 2076      61746500 
 2077              	.LASF159:
 2078 0633 77615468 		.ascii	"waThdSignalsProcessing\000"
 2078      64536967 
 2078      6E616C73 
ARM GAS  C:\Users\ARNAUD~1\AppData\Local\Temp\cctaZKDT.s 			page 42


 2078      50726F63 
 2078      65737369 
 2079              	.LASF63:
 2080 064a 725F7072 		.ascii	"r_prio\000"
 2080      696F00
 2081              	.LASF125:
 2082 0651 65776D61 		.ascii	"ewmask\000"
 2082      736B00
 2083              	.LASF33:
 2084 0658 705F6E65 		.ascii	"p_next\000"
 2084      787400
 2085              	.LASF22:
 2086 065f 746D6F64 		.ascii	"tmode_t\000"
 2086      655F7400 
 2087              	.LASF151:
 2088 0667 63665F6F 		.ascii	"cf_off_preempt\000"
 2088      66665F70 
 2088      7265656D 
 2088      707400
 2089              	.LASF42:
 2090 0676 705F666C 		.ascii	"p_flags\000"
 2090      61677300 
 2091              	.LASF53:
 2092 067e 705F7374 		.ascii	"p_stats\000"
 2092      61747300 
 2093              	.LASF58:
 2094 0686 74687265 		.ascii	"threads_queue_t\000"
 2094      6164735F 
 2094      71756575 
 2094      655F7400 
 2095              	.LASF70:
 2096 0696 63685F76 		.ascii	"ch_virtual_timer\000"
 2096      69727475 
 2096      616C5F74 
 2096      696D6572 
 2096      00
 2097              	.LASF144:
 2098 06a7 63665F6F 		.ascii	"cf_off_newer\000"
 2098      66665F6E 
 2098      65776572 
 2098      00
 2099              	.LASF162:
 2100 06b4 5F5F7374 		.ascii	"__stack_chk_fail\000"
 2100      61636B5F 
 2100      63686B5F 
 2100      6661696C 
 2100      00
 2101              	.LASF126:
 2102 06c5 63685F73 		.ascii	"ch_semaphore\000"
 2102      656D6170 
 2102      686F7265 
 2102      00
 2103              	.LASF49:
 2104 06d2 705F6570 		.ascii	"p_epending\000"
 2104      656E6469 
 2104      6E6700
 2105              	.LASF17:
ARM GAS  C:\Users\ARNAUD~1\AppData\Local\Temp\cctaZKDT.s 			page 43


 2106 06dd 75696E74 		.ascii	"uint32_t\000"
 2106      33325F74 
 2106      00
 2107              	.LASF142:
 2108 06e6 63665F6F 		.ascii	"cf_off_prio\000"
 2108      66665F70 
 2108      72696F00 
 2109              	.LASF62:
 2110 06f2 725F7175 		.ascii	"r_queue\000"
 2110      65756500 
 2111              	.LASF57:
 2112 06fa 63685F74 		.ascii	"ch_threads_list\000"
 2112      68726561 
 2112      64735F6C 
 2112      69737400 
 2113              	.LASF137:
 2114 070a 63685F73 		.ascii	"ch_size\000"
 2114      697A6500 
 2115              	.LASF9:
 2116 0712 6C6F6E67 		.ascii	"long unsigned int\000"
 2116      20756E73 
 2116      69676E65 
 2116      6420696E 
 2116      7400
 2117              	.LASF134:
 2118 0724 63686172 		.ascii	"char\000"
 2118      00
 2119              	.LASF124:
 2120 0729 77746D74 		.ascii	"wtmtxp\000"
 2120      787000
 2121              	.LASF4:
 2122 0730 5F5F7569 		.ascii	"__uint16_t\000"
 2122      6E743136 
 2122      5F7400
 2123              	.LASF32:
 2124 073b 74687265 		.ascii	"thread_t\000"
 2124      61645F74 
 2124      00
 2125              	.LASF109:
 2126 0744 62657374 		.ascii	"best\000"
 2126      00
 2127              	.LASF132:
 2128 0749 6D5F6E65 		.ascii	"m_next\000"
 2128      787400
 2129              	.LASF31:
 2130 0750 73797374 		.ascii	"systime_t\000"
 2130      696D655F 
 2130      7400
 2131              	.LASF51:
 2132 075a 705F7265 		.ascii	"p_realprio\000"
 2132      616C7072 
 2132      696F00
 2133              	.LASF68:
 2134 0765 76746675 		.ascii	"vtfunc_t\000"
 2134      6E635F74 
 2134      00
 2135              	.LASF8:
ARM GAS  C:\Users\ARNAUD~1\AppData\Local\Temp\cctaZKDT.s 			page 44


 2136 076e 5F5F7569 		.ascii	"__uint32_t\000"
 2136      6E743332 
 2136      5F7400
 2137              	.LASF81:
 2138 0779 70616E69 		.ascii	"panic_msg\000"
 2138      635F6D73 
 2138      6700
 2139              	.LASF107:
 2140 0783 6F666673 		.ascii	"offset\000"
 2140      657400
 2141              	.LASF96:
 2142 078a 636F6E74 		.ascii	"context\000"
 2142      65787400 
 2143              	.LASF48:
 2144 0792 705F6D73 		.ascii	"p_msg\000"
 2144      6700
 2145              	.LASF75:
 2146 0798 76745F70 		.ascii	"vt_par\000"
 2146      617200
 2147              	.LASF143:
 2148 079f 63665F6F 		.ascii	"cf_off_ctx\000"
 2148      66665F63 
 2148      747800
 2149              	.LASF129:
 2150 07aa 63685F6D 		.ascii	"ch_mutex\000"
 2150      75746578 
 2150      00
 2151              	.LASF43:
 2152 07b3 705F7265 		.ascii	"p_refs\000"
 2152      667300
 2153              	.LASF82:
 2154 07ba 6973725F 		.ascii	"isr_cnt\000"
 2154      636E7400 
 2155              	.LASF101:
 2156 07c2 73655F73 		.ascii	"se_state\000"
 2156      74617465 
 2156      00
 2157              	.LASF87:
 2158 07cb 726C6973 		.ascii	"rlist\000"
 2158      7400
 2159              	.LASF14:
 2160 07d1 75696E74 		.ascii	"uint8_t\000"
 2160      385F7400 
 2161              	.LASF160:
 2162 07d9 6765745F 		.ascii	"get_music_pitch\000"
 2162      6D757369 
 2162      635F7069 
 2162      74636800 
 2163              	.LASF54:
 2164 07e9 74687265 		.ascii	"thread_reference_t\000"
 2164      61645F72 
 2164      65666572 
 2164      656E6365 
 2164      5F7400
 2165              	.LASF121:
 2166 07fc 77746F62 		.ascii	"wtobjp\000"
 2166      6A7000
ARM GAS  C:\Users\ARNAUD~1\AppData\Local\Temp\cctaZKDT.s 			page 45


 2167              	.LASF39:
 2168 0803 705F6E61 		.ascii	"p_name\000"
 2168      6D6500
 2169              	.LASF78:
 2170 080a 76745F73 		.ascii	"vt_systime\000"
 2170      79737469 
 2170      6D6500
 2171              	.LASF84:
 2172 0815 74726163 		.ascii	"trace_buffer\000"
 2172      655F6275 
 2172      66666572 
 2172      00
 2173              	.LASF138:
 2174 0822 63685F76 		.ascii	"ch_version\000"
 2174      65727369 
 2174      6F6E00
 2175              	.LASF116:
 2176 082d 6D5F6372 		.ascii	"m_crit_thd\000"
 2176      69745F74 
 2176      686400
 2177              	.LASF131:
 2178 0838 6D5F6F77 		.ascii	"m_owner\000"
 2178      6E657200 
 2179              	.LASF100:
 2180 0840 73655F77 		.ascii	"se_wtobjp\000"
 2180      746F626A 
 2180      7000
 2181              	.LASF135:
 2182 084a 63685F69 		.ascii	"ch_identifier\000"
 2182      64656E74 
 2182      69666965 
 2182      7200
 2183              	.LASF74:
 2184 0858 76745F66 		.ascii	"vt_func\000"
 2184      756E6300 
 2185              		.ident	"GCC: (GNU Tools for Arm Embedded Processors 7-2017-q4-major) 7.2.1 20170904 (release) [ARM
ARM GAS  C:\Users\ARNAUD~1\AppData\Local\Temp\cctaZKDT.s 			page 46


DEFINED SYMBOLS
                            *ABS*:00000000 signals_processing.c
C:\Users\ARNAUD~1\AppData\Local\Temp\cctaZKDT.s:18     .text.get_music_tempo:00000000 $t
C:\Users\ARNAUD~1\AppData\Local\Temp\cctaZKDT.s:26     .text.get_music_tempo:00000000 get_music_tempo
C:\Users\ARNAUD~1\AppData\Local\Temp\cctaZKDT.s:59     .text.get_music_tempo:0000001c $d
C:\Users\ARNAUD~1\AppData\Local\Temp\cctaZKDT.s:64     .text.get_music_pitch:00000000 $t
C:\Users\ARNAUD~1\AppData\Local\Temp\cctaZKDT.s:72     .text.get_music_pitch:00000000 get_music_pitch
C:\Users\ARNAUD~1\AppData\Local\Temp\cctaZKDT.s:101    .text.get_music_pitch:00000020 $d

UNDEFINED SYMBOLS
__stack_chk_fail
__stack_chk_guard
